TN:
SF:src/App.vue
FN:12,(anonymous_1)
FNF:1
FNH:0
FNDA:0,(anonymous_1)
DA:12,0
LF:1
LH:0
BRF:0
BRH:0
end_of_record
TN:
SF:src/api/ApplyManage.js
FN:6,addConstEnume
FN:10,getApplyName
FN:14,getEnumeList
FN:18,updataKey
FN:22,deleteEnum
FN:26,editEnum
FN:30,amendDetails
FN:34,allRemoveRefrecord
FN:38,allAddRefrecord
FNF:9
FNH:0
FNDA:0,addConstEnume
FNDA:0,getApplyName
FNDA:0,getEnumeList
FNDA:0,updataKey
FNDA:0,deleteEnum
FNDA:0,editEnum
FNDA:0,amendDetails
FNDA:0,allRemoveRefrecord
FNDA:0,allAddRefrecord
DA:7,0
DA:11,0
DA:15,0
DA:19,0
DA:23,0
DA:27,0
DA:31,0
DA:35,0
DA:39,0
LF:9
LH:0
BRF:0
BRH:0
end_of_record
TN:
SF:src/api/EarlyWarningGroupManagement.js
FN:3,addGroup
FN:7,getGroup
FN:11,editGroup
FN:15,deteleGroup
FN:19,addPeople
FN:23,getPeople
FN:27,editPeople
FN:31,detelePeople
FN:35,addEmailGroup
FN:39,getEmailGroup
FN:43,editEmailGroup
FN:47,deteleEmailGroup
FN:51,addEmailPeople
FN:55,getEmailPeople
FN:59,editEmailPeople
FN:63,deteleEmailPeople
FNF:16
FNH:0
FNDA:0,addGroup
FNDA:0,getGroup
FNDA:0,editGroup
FNDA:0,deteleGroup
FNDA:0,addPeople
FNDA:0,getPeople
FNDA:0,editPeople
FNDA:0,detelePeople
FNDA:0,addEmailGroup
FNDA:0,getEmailGroup
FNDA:0,editEmailGroup
FNDA:0,deteleEmailGroup
FNDA:0,addEmailPeople
FNDA:0,getEmailPeople
FNDA:0,editEmailPeople
FNDA:0,deteleEmailPeople
DA:4,0
DA:8,0
DA:12,0
DA:16,0
DA:20,0
DA:24,0
DA:28,0
DA:32,0
DA:36,0
DA:40,0
DA:44,0
DA:48,0
DA:52,0
DA:56,0
DA:60,0
DA:64,0
LF:16
LH:0
BRF:0
BRH:0
end_of_record
TN:
SF:src/api/EarlyWarningTemplateManagement.js
FN:3,queryIsrecord
FN:7,delrecord
FN:11,addRecord
FN:15,searchNote
FN:19,addNote
FN:23,amendNote
FN:27,removeNote
FN:31,searchEmail
FN:35,addEmail
FN:39,amendEmail
FN:43,removeEmail
FNF:11
FNH:0
FNDA:0,queryIsrecord
FNDA:0,delrecord
FNDA:0,addRecord
FNDA:0,searchNote
FNDA:0,addNote
FNDA:0,amendNote
FNDA:0,removeNote
FNDA:0,searchEmail
FNDA:0,addEmail
FNDA:0,amendEmail
FNDA:0,removeEmail
DA:4,0
DA:8,0
DA:12,0
DA:16,0
DA:20,0
DA:24,0
DA:28,0
DA:32,0
DA:36,0
DA:40,0
DA:44,0
LF:11
LH:0
BRF:0
BRH:0
end_of_record
TN:
SF:src/api/OrganizationManage.js
FN:4,queryTreeSelectList
FN:8,queryTreeList
FN:12,queryTableList
FN:16,preAdds
FN:20,addItem
FN:24,preEdits
FN:28,editItem
FN:32,removeItem
FNF:8
FNH:0
FNDA:0,queryTreeSelectList
FNDA:0,queryTreeList
FNDA:0,queryTableList
FNDA:0,preAdds
FNDA:0,addItem
FNDA:0,preEdits
FNDA:0,editItem
FNDA:0,removeItem
DA:5,0
DA:9,0
DA:13,0
DA:17,0
DA:21,0
DA:25,0
DA:29,0
DA:33,0
LF:8
LH:0
BRF:0
BRH:0
end_of_record
TN:
SF:src/api/SystemParamLib.js
FN:5,addConstEnume
FN:9,getEnumeList
FN:13,deleteEnum
FN:17,editEnum
FN:21,addField
FN:25,(anonymous_5)
FN:33,(anonymous_6)
FN:41,(anonymous_7)
FN:49,deleteField
FN:53,editFieldl
FNF:10
FNH:0
FNDA:0,addConstEnume
FNDA:0,getEnumeList
FNDA:0,deleteEnum
FNDA:0,editEnum
FNDA:0,addField
FNDA:0,(anonymous_5)
FNDA:0,(anonymous_6)
FNDA:0,(anonymous_7)
FNDA:0,deleteField
FNDA:0,editFieldl
DA:6,0
DA:10,0
DA:14,0
DA:18,0
DA:22,0
DA:25,0
DA:26,0
DA:33,0
DA:34,0
DA:41,0
DA:42,0
DA:50,0
DA:54,0
LF:13
LH:0
BRF:0
BRH:0
end_of_record
TN:
SF:src/api/UserManage.js
FN:4,queryTreeSelectList
FN:8,queryTreeList
FN:12,queryTableList
FN:16,preAdds
FN:20,addItem
FN:24,preEdits
FN:28,editItem
FN:32,removeItem
FN:36,updateStates
FNF:9
FNH:0
FNDA:0,queryTreeSelectList
FNDA:0,queryTreeList
FNDA:0,queryTableList
FNDA:0,preAdds
FNDA:0,addItem
FNDA:0,preEdits
FNDA:0,editItem
FNDA:0,removeItem
FNDA:0,updateStates
DA:5,0
DA:9,0
DA:13,0
DA:17,0
DA:21,0
DA:25,0
DA:29,0
DA:33,0
DA:37,0
LF:9
LH:0
BRF:0
BRH:0
end_of_record
TN:
SF:src/api/applicationPrivileges.js
FN:4,queryTableList
FN:8,queryInterfaceAuthority
FN:12,interfaceAllocation
FNF:3
FNH:0
FNDA:0,queryTableList
FNDA:0,queryInterfaceAuthority
FNDA:0,interfaceAllocation
DA:5,0
DA:9,0
DA:13,0
LF:3
LH:0
BRF:0
BRH:0
end_of_record
TN:
SF:src/api/blackStrategyConfig.js
FN:8,insertStrategy
FN:13,queryDataList
FN:18,deleteItem
FN:23,updateItem
FN:28,queryallfield
FN:33,findsysParams
FNF:6
FNH:0
FNDA:0,insertStrategy
FNDA:0,queryDataList
FNDA:0,deleteItem
FNDA:0,updateItem
FNDA:0,queryallfield
FNDA:0,findsysParams
DA:9,0
DA:14,0
DA:19,0
DA:24,0
DA:29,0
DA:34,0
LF:6
LH:0
BRF:0
BRH:0
end_of_record
TN:
SF:src/api/calcindextemplib.js
FN:5,getList
FN:8,addTempGrop
FN:11,editTempGrop
FN:14,deteleTempGrop
FN:18,getListTmp
FN:22,getCalcIndexTmpListPage
FN:25,addTmp
FN:28,deteleTmp
FN:31,editTmp
FN:35,getTmpListValue
FN:39,getTmpPraList
FN:43,deteleTmpPrm
FN:47,addAllTmpPrm
FNF:13
FNH:0
FNDA:0,getList
FNDA:0,addTempGrop
FNDA:0,editTempGrop
FNDA:0,deteleTempGrop
FNDA:0,getListTmp
FNDA:0,getCalcIndexTmpListPage
FNDA:0,addTmp
FNDA:0,deteleTmp
FNDA:0,editTmp
FNDA:0,getTmpListValue
FNDA:0,getTmpPraList
FNDA:0,deteleTmpPrm
FNDA:0,addAllTmpPrm
DA:6,0
DA:9,0
DA:12,0
DA:15,0
DA:19,0
DA:23,0
DA:26,0
DA:29,0
DA:32,0
DA:36,0
DA:40,0
DA:44,0
DA:48,0
LF:13
LH:0
BRF:0
BRH:0
end_of_record
TN:
SF:src/api/calclndexBase.js
FN:3,getGroupList
FN:7,addGroup
FN:11,deleteGroup
FN:15,editGroup
FN:19,createIndicators
FN:23,getKpiList
FN:27,deleteKpi
FN:31,getIndicatorsById
FN:35,getApiTemlaterStructure
FN:39,findTemplateGroup
FN:43,getTemplate
FN:47,editTemplate
FN:51,transactionType
FN:55,groupQuery
FN:59,methodQuery
FN:63,getQueryallfield
FN:67,searchFilterTypeTemplate
FNF:17
FNH:0
FNDA:0,getGroupList
FNDA:0,addGroup
FNDA:0,deleteGroup
FNDA:0,editGroup
FNDA:0,createIndicators
FNDA:0,getKpiList
FNDA:0,deleteKpi
FNDA:0,getIndicatorsById
FNDA:0,getApiTemlaterStructure
FNDA:0,findTemplateGroup
FNDA:0,getTemplate
FNDA:0,editTemplate
FNDA:0,transactionType
FNDA:0,groupQuery
FNDA:0,methodQuery
FNDA:0,getQueryallfield
FNDA:0,searchFilterTypeTemplate
DA:4,0
DA:8,0
DA:12,0
DA:16,0
DA:20,0
DA:24,0
DA:28,0
DA:32,0
DA:36,0
DA:40,0
DA:44,0
DA:48,0
DA:52,0
DA:56,0
DA:60,0
DA:64,0
DA:68,0
LF:17
LH:0
BRF:0
BRH:0
end_of_record
TN:
SF:src/api/compMethodlib.js
FN:13,groupQuery
FN:17,groupAdd
FN:21,groupUpdate
FN:25,groupDelete
FN:29,methodAdd
FN:33,methodQuery
FN:37,methodUpdate
FN:41,methodDelete
FN:45,paramAdd
FN:49,paramQuery
FN:53,paramUpdate
FN:57,paramDelete
FNF:12
FNH:0
FNDA:0,groupQuery
FNDA:0,groupAdd
FNDA:0,groupUpdate
FNDA:0,groupDelete
FNDA:0,methodAdd
FNDA:0,methodQuery
FNDA:0,methodUpdate
FNDA:0,methodDelete
FNDA:0,paramAdd
FNDA:0,paramQuery
FNDA:0,paramUpdate
FNDA:0,paramDelete
DA:14,0
DA:18,0
DA:22,0
DA:26,0
DA:30,0
DA:34,0
DA:38,0
DA:42,0
DA:46,0
DA:50,0
DA:54,0
DA:58,0
LF:12
LH:0
BRF:0
BRH:0
end_of_record
TN:
SF:src/api/companymanage.js
FN:7,getList
FN:10,detailFunc
FN:13,addFunc
FN:16,editItem
FN:19,deteleItem
FN:22,addzcoFunc
FNF:6
FNH:0
FNDA:0,getList
FNDA:0,detailFunc
FNDA:0,addFunc
FNDA:0,editItem
FNDA:0,deteleItem
FNDA:0,addzcoFunc
DA:5,0
DA:8,0
DA:11,0
DA:14,0
DA:17,0
DA:20,0
DA:23,0
LF:7
LH:0
BRF:0
BRH:0
end_of_record
TN:
SF:src/api/comparisonlib.js
FN:4,getList
FN:8,addItem
FN:12,deteleItem
FN:16,editItem
FNF:4
FNH:0
FNDA:0,getList
FNDA:0,addItem
FNDA:0,deteleItem
FNDA:0,editItem
DA:5,0
DA:9,0
DA:13,0
DA:17,0
LF:4
LH:0
BRF:0
BRH:0
end_of_record
TN:
SF:src/api/compfunlib.js
FN:6,getList
FN:10,addItem
FN:14,deteleItem
FN:18,editItem
FNF:4
FNH:0
FNDA:0,getList
FNDA:0,addItem
FNDA:0,deteleItem
FNDA:0,editItem
DA:7,0
DA:11,0
DA:15,0
DA:19,0
LF:4
LH:0
BRF:0
BRH:0
end_of_record
TN:
SF:src/api/const-m.js
FN:5,addConstEnume
FN:9,getEnumeList
FN:13,deleteEnum
FN:17,editEnum
FN:21,addField
FN:25,(anonymous_5)
FN:33,(anonymous_6)
FN:41,deleteField
FN:45,editFieldl
FNF:9
FNH:0
FNDA:0,addConstEnume
FNDA:0,getEnumeList
FNDA:0,deleteEnum
FNDA:0,editEnum
FNDA:0,addField
FNDA:0,(anonymous_5)
FNDA:0,(anonymous_6)
FNDA:0,deleteField
FNDA:0,editFieldl
DA:6,0
DA:10,0
DA:14,0
DA:18,0
DA:22,0
DA:25,0
DA:26,0
DA:33,0
DA:34,0
DA:42,0
DA:46,0
LF:11
LH:0
BRF:0
BRH:0
end_of_record
TN:
SF:src/api/earlyWarningPolicyTemplateManagement.js
FN:6,addItem
FN:9,getList
FN:12,editItem
FN:15,deleteItem
FN:19,searchNoQuoteLog
FN:23,searchNoQuoteLogEdit
FNF:6
FNH:0
FNDA:0,addItem
FNDA:0,getList
FNDA:0,editItem
FNDA:0,deleteItem
FNDA:0,searchNoQuoteLog
FNDA:0,searchNoQuoteLogEdit
DA:7,0
DA:10,0
DA:13,0
DA:16,0
DA:20,0
DA:24,0
LF:6
LH:0
BRF:0
BRH:0
end_of_record
TN:
SF:src/api/enumCostLib.js
FN:5,addConstEnume
FN:9,getEnumeList
FN:13,deleteEnum
FN:17,editEnum
FN:21,addField
FN:25,getFieldNameList
FN:29,deleteField
FN:33,editFieldl
FNF:8
FNH:0
FNDA:0,addConstEnume
FNDA:0,getEnumeList
FNDA:0,deleteEnum
FNDA:0,editEnum
FNDA:0,addField
FNDA:0,getFieldNameList
FNDA:0,deleteField
FNDA:0,editFieldl
DA:6,0
DA:10,0
DA:14,0
DA:18,0
DA:22,0
DA:26,0
DA:30,0
DA:34,0
LF:8
LH:0
BRF:0
BRH:0
end_of_record
TN:
SF:src/api/interfaceConfiguration.js
FN:4,queryTableList
FN:8,addItem
FN:12,editItem
FN:16,removeItem
FNF:4
FNH:0
FNDA:0,queryTableList
FNDA:0,addItem
FNDA:0,editItem
FNDA:0,removeItem
DA:5,0
DA:9,0
DA:13,0
DA:17,0
LF:4
LH:0
BRF:0
BRH:0
end_of_record
TN:
SF:src/api/interfaceLog.js
FN:4,querySelect
FN:8,queryTableList
FN:12,seeParams
FN:16,seeResult
FNF:4
FNH:0
FNDA:0,querySelect
FNDA:0,queryTableList
FNDA:0,seeParams
FNDA:0,seeResult
DA:5,0
DA:9,0
DA:13,0
DA:17,0
LF:4
LH:0
BRF:0
BRH:0
end_of_record
TN:
SF:src/api/login.js
FN:16,userLogin
FN:21,userLoginOut
FNF:2
FNH:0
FNDA:0,userLogin
FNDA:0,userLoginOut
DA:17,0
DA:22,0
LF:2
LH:0
BRF:0
BRH:0
end_of_record
TN:
SF:src/api/menuManage.js
FN:4,queryTreeList
FN:8,queryTableList
FN:12,preAdds
FN:16,addItem
FN:20,preEdits
FN:24,editItem
FN:28,removeItem
FNF:7
FNH:0
FNDA:0,queryTreeList
FNDA:0,queryTableList
FNDA:0,preAdds
FNDA:0,addItem
FNDA:0,preEdits
FNDA:0,editItem
FNDA:0,removeItem
DA:5,0
DA:9,0
DA:13,0
DA:17,0
DA:21,0
DA:25,0
DA:29,0
LF:7
LH:0
BRF:0
BRH:0
end_of_record
TN:
SF:src/api/nameListData.js
FN:5,queryNameListData
FN:9,addNameListData
FN:13,updateNameListData
FN:17,deleteNameListData
FN:21,toggleSwitchStates
FN:25,queryNameListSet
FN:29,queryDataSourceList
FN:33,queryReviewStatesList
FN:37,addRecord
FN:41,delrecord
FNF:10
FNH:0
FNDA:0,queryNameListData
FNDA:0,addNameListData
FNDA:0,updateNameListData
FNDA:0,deleteNameListData
FNDA:0,toggleSwitchStates
FNDA:0,queryNameListSet
FNDA:0,queryDataSourceList
FNDA:0,queryReviewStatesList
FNDA:0,addRecord
FNDA:0,delrecord
DA:6,0
DA:10,0
DA:14,0
DA:18,0
DA:22,0
DA:26,0
DA:30,0
DA:34,0
DA:38,0
DA:42,0
LF:10
LH:0
BRF:0
BRH:0
end_of_record
TN:
SF:src/api/nameListSet.js
FN:5,queryNameListRecord
FN:9,addNameListRecord
FN:13,updateNameListRecord
FN:17,deleteNameListRecord
FN:21,queryNameListTypeList
FN:25,toggleSwitch
FN:29,queryAllAppList
FN:33,findsysParams
FN:37,queryallfield
FN:41,addBatchRecords
FN:45,delBatchRecords
FNF:11
FNH:0
FNDA:0,queryNameListRecord
FNDA:0,addNameListRecord
FNDA:0,updateNameListRecord
FNDA:0,deleteNameListRecord
FNDA:0,queryNameListTypeList
FNDA:0,toggleSwitch
FNDA:0,queryAllAppList
FNDA:0,findsysParams
FNDA:0,queryallfield
FNDA:0,addBatchRecords
FNDA:0,delBatchRecords
DA:6,0
DA:10,0
DA:14,0
DA:18,0
DA:22,0
DA:26,0
DA:30,0
DA:34,0
DA:38,0
DA:42,0
DA:46,0
LF:11
LH:0
BRF:0
BRH:0
end_of_record
TN:
SF:src/api/organizationPrivileges.js
FN:4,queryTreeSelectList
FN:8,queryTreeList
FN:12,queryTableList
FN:16,prePrivilege
FN:20,allocation
FNF:5
FNH:0
FNDA:0,queryTreeSelectList
FNDA:0,queryTreeList
FNDA:0,queryTableList
FNDA:0,prePrivilege
FNDA:0,allocation
DA:5,0
DA:9,0
DA:13,0
DA:17,0
DA:21,0
LF:5
LH:0
BRF:0
BRH:0
end_of_record
TN:
SF:src/api/queryHeaderAppList.js
FN:3,queryAppListAll
FN:8,getAppListAll
FN:13,updateDefaultApp
FNF:3
FNH:0
FNDA:0,queryAppListAll
FNDA:0,getAppListAll
FNDA:0,updateDefaultApp
DA:4,0
DA:9,0
DA:14,0
LF:3
LH:0
BRF:0
BRH:0
end_of_record
TN:
SF:src/api/repairOrderLog.js
FN:6,getTest
FN:10,searchField
FN:14,getTableHeader
FN:18,getTableData
FN:22,getAllRules
FN:26,getOrderDetails
FNF:6
FNH:0
FNDA:0,getTest
FNDA:0,searchField
FNDA:0,getTableHeader
FNDA:0,getTableData
FNDA:0,getAllRules
FNDA:0,getOrderDetails
DA:7,0
DA:11,0
DA:15,0
DA:19,0
DA:23,0
DA:27,0
LF:6
LH:0
BRF:0
BRH:0
end_of_record
TN:
SF:src/api/riskControlLog.js
FN:6,searchField
FN:10,getTableHeader
FN:14,getTableData
FN:18,getAllRules
FN:22,searchTableContentData
FNF:5
FNH:0
FNDA:0,searchField
FNDA:0,getTableHeader
FNDA:0,getTableData
FNDA:0,getAllRules
FNDA:0,searchTableContentData
DA:7,0
DA:11,0
DA:15,0
DA:19,0
DA:23,0
LF:5
LH:0
BRF:0
BRH:0
end_of_record
TN:
SF:src/api/riskLogConfig.js
FN:4,queryFieldData
FN:9,queryAppInfo
FN:14,queryFilteredApps
FN:19,queryConfiguarableFields
FN:24,addModule
FN:29,editModule
FN:34,addTitle
FN:39,addGroup
FN:44,delModule
FN:48,queryTableHeader
FN:53,queryGroup
FNF:11
FNH:0
FNDA:0,queryFieldData
FNDA:0,queryAppInfo
FNDA:0,queryFilteredApps
FNDA:0,queryConfiguarableFields
FNDA:0,addModule
FNDA:0,editModule
FNDA:0,addTitle
FNDA:0,addGroup
FNDA:0,delModule
FNDA:0,queryTableHeader
FNDA:0,queryGroup
DA:5,0
DA:10,0
DA:15,0
DA:20,0
DA:25,0
DA:30,0
DA:35,0
DA:40,0
DA:45,0
DA:49,0
DA:54,0
LF:11
LH:0
BRF:0
BRH:0
end_of_record
TN:
SF:src/api/riskMarket.js
FN:5,queryTradeType
FN:9,queryLocation
FN:13,queryOptype
FN:17,queryLevel
FN:21,querydate
FNF:5
FNH:0
FNDA:0,queryTradeType
FNDA:0,queryLocation
FNDA:0,queryOptype
FNDA:0,queryLevel
FNDA:0,querydate
DA:6,0
DA:10,0
DA:14,0
DA:18,0
DA:22,0
LF:5
LH:0
BRF:0
BRH:0
end_of_record
TN:
SF:src/api/roleManage.js
FN:4,queryTableList
FN:8,queryTResources
FN:12,allocation
FN:16,preAddAndEdit
FN:20,addItem
FN:24,editItem
FN:28,removeItem
FNF:7
FNH:0
FNDA:0,queryTableList
FNDA:0,queryTResources
FNDA:0,allocation
FNDA:0,preAddAndEdit
FNDA:0,addItem
FNDA:0,editItem
FNDA:0,removeItem
DA:5,0
DA:9,0
DA:13,0
DA:17,0
DA:21,0
DA:25,0
DA:29,0
LF:7
LH:0
BRF:0
BRH:0
end_of_record
TN:
SF:src/api/roleManageConfig.js
FN:4,queryTableList
FN:8,addItem
FN:12,editItem
FN:16,removeItem
FNF:4
FNH:0
FNDA:0,queryTableList
FNDA:0,addItem
FNDA:0,editItem
FNDA:0,removeItem
DA:5,0
DA:9,0
DA:13,0
DA:17,0
LF:4
LH:0
BRF:0
BRH:0
end_of_record
TN:
SF:src/api/ruleSet.js
FN:12,getRuleSet
FN:16,addRuleSet
FN:20,delRuleSet
FN:24,modifyRuleSet
FN:28,initRuleSet
FN:32,outputRuleSet
FN:36,getRuleSetInfo
FN:40,getVersionInfo
FN:44,addRule
FN:48,delRule
FN:52,modifyRule
FN:56,addversion
FN:60,modifyversion
FN:64,getApp
FN:68,getTradeType
FN:72,getAllTradeType
FN:76,GetVariableField
FN:80,GetIndicators
FN:84,GetOperator
FN:88,delRecWithCond
FN:92,addRecord
FN:96,checkIsrefrecord
FN:100,getListManage
FN:104,UpgradeRule
FN:109,findtradelist
FN:113,getSubordinateFirm
FNF:26
FNH:0
FNDA:0,getRuleSet
FNDA:0,addRuleSet
FNDA:0,delRuleSet
FNDA:0,modifyRuleSet
FNDA:0,initRuleSet
FNDA:0,outputRuleSet
FNDA:0,getRuleSetInfo
FNDA:0,getVersionInfo
FNDA:0,addRule
FNDA:0,delRule
FNDA:0,modifyRule
FNDA:0,addversion
FNDA:0,modifyversion
FNDA:0,getApp
FNDA:0,getTradeType
FNDA:0,getAllTradeType
FNDA:0,GetVariableField
FNDA:0,GetIndicators
FNDA:0,GetOperator
FNDA:0,delRecWithCond
FNDA:0,addRecord
FNDA:0,checkIsrefrecord
FNDA:0,getListManage
FNDA:0,UpgradeRule
FNDA:0,findtradelist
FNDA:0,getSubordinateFirm
DA:3,0
DA:4,0
DA:5,0
DA:6,0
DA:7,0
DA:8,0
DA:9,0
DA:13,0
DA:17,0
DA:21,0
DA:25,0
DA:29,0
DA:33,0
DA:37,0
DA:41,0
DA:45,0
DA:49,0
DA:53,0
DA:57,0
DA:61,0
DA:65,0
DA:69,0
DA:73,0
DA:77,0
DA:81,0
DA:85,0
DA:89,0
DA:93,0
DA:97,0
DA:101,0
DA:105,0
DA:110,0
DA:114,0
LF:33
LH:0
BRF:0
BRH:0
end_of_record
TN:
SF:src/api/ruleTempLib.js
FN:4,getList
FN:8,addTempGrop
FN:12,editTempGrop
FN:16,deteleTempGrop
FN:20,getListTmp
FN:24,getRuleTmpListPage
FN:28,addTmp
FN:32,deteleTmp
FN:36,editTmp
FN:40,getTmpListValue
FN:44,getTmpPraList
FN:48,deteleTmpPrm
FN:52,addAllTmpPrm
FNF:13
FNH:0
FNDA:0,getList
FNDA:0,addTempGrop
FNDA:0,editTempGrop
FNDA:0,deteleTempGrop
FNDA:0,getListTmp
FNDA:0,getRuleTmpListPage
FNDA:0,addTmp
FNDA:0,deteleTmp
FNDA:0,editTmp
FNDA:0,getTmpListValue
FNDA:0,getTmpPraList
FNDA:0,deteleTmpPrm
FNDA:0,addAllTmpPrm
DA:5,0
DA:9,0
DA:13,0
DA:17,0
DA:21,0
DA:25,0
DA:29,0
DA:33,0
DA:37,0
DA:41,0
DA:45,0
DA:49,0
DA:53,0
LF:13
LH:0
BRF:0
BRH:0
end_of_record
TN:
SF:src/api/rulesVariableLib.js
FN:4,getRuList
FN:8,addVar
FN:12,deteleVar
FN:16,editVar
FN:20,getFieldList
FN:24,deleteField
FN:28,addField
FN:32,updateField
FNF:8
FNH:0
FNDA:0,getRuList
FNDA:0,addVar
FNDA:0,deteleVar
FNDA:0,editVar
FNDA:0,getFieldList
FNDA:0,deleteField
FNDA:0,addField
FNDA:0,updateField
DA:5,0
DA:9,0
DA:13,0
DA:17,0
DA:21,0
DA:25,0
DA:29,0
DA:33,0
LF:8
LH:0
BRF:0
BRH:0
end_of_record
TN:
SF:src/api/sceneManagement.js
FN:6,querySceneList
FN:10,queryTradeType
FN:14,queryParams
FN:18,insertScene
FN:22,deleteScene
FN:26,editScene
FN:30,existSceneNo
FN:34,queryAppinfo
FN:38,saveStrategy
FN:42,getApp
FN:46,getAllTradeType
FN:50,addRecord
FN:54,copyOriginAppInfo
FN:58,editScenesState
FN:62,queryIsrecord
FN:66,delrecord
FN:70,queryRuleSetInfo
FN:74,modifyCurrentSet
FN:78,findtradelist
FN:82,queryStrategy
FN:86,queryNameListSet
FN:90,getDisposalActionList
FNF:22
FNH:0
FNDA:0,querySceneList
FNDA:0,queryTradeType
FNDA:0,queryParams
FNDA:0,insertScene
FNDA:0,deleteScene
FNDA:0,editScene
FNDA:0,existSceneNo
FNDA:0,queryAppinfo
FNDA:0,saveStrategy
FNDA:0,getApp
FNDA:0,getAllTradeType
FNDA:0,addRecord
FNDA:0,copyOriginAppInfo
FNDA:0,editScenesState
FNDA:0,queryIsrecord
FNDA:0,delrecord
FNDA:0,queryRuleSetInfo
FNDA:0,modifyCurrentSet
FNDA:0,findtradelist
FNDA:0,queryStrategy
FNDA:0,queryNameListSet
FNDA:0,getDisposalActionList
DA:3,0
DA:4,0
DA:7,0
DA:11,0
DA:15,0
DA:19,0
DA:23,0
DA:27,0
DA:31,0
DA:35,0
DA:39,0
DA:43,0
DA:47,0
DA:51,0
DA:55,0
DA:59,0
DA:63,0
DA:67,0
DA:71,0
DA:75,0
DA:79,0
DA:83,0
DA:87,0
DA:91,0
LF:24
LH:0
BRF:0
BRH:0
end_of_record
TN:
SF:src/api/tempparamlib.js
FN:5,getList
FN:9,addFunc
FN:13,deleteFunc
FN:17,editFunc
FN:21,getTreeList
FNF:5
FNH:0
FNDA:0,getList
FNDA:0,addFunc
FNDA:0,deleteFunc
FNDA:0,editFunc
FNDA:0,getTreeList
DA:6,0
DA:10,0
DA:14,0
DA:18,0
DA:22,0
LF:5
LH:0
BRF:0
BRH:0
end_of_record
TN:
SF:src/api/transactionTypeConfig.js
FN:3,addItem
FN:7,editItem
FN:11,deleteItem
FN:15,(anonymous_3)
FN:23,(anonymous_4)
FN:31,(anonymous_5)
FNF:6
FNH:0
FNDA:0,addItem
FNDA:0,editItem
FNDA:0,deleteItem
FNDA:0,(anonymous_3)
FNDA:0,(anonymous_4)
FNDA:0,(anonymous_5)
DA:4,0
DA:8,0
DA:12,0
DA:15,0
DA:16,0
DA:23,0
DA:24,0
DA:31,0
DA:32,0
LF:9
LH:0
BRF:0
BRH:0
end_of_record
TN:
SF:src/api/userPrivileges.js
FN:4,queryTreeSelectList
FN:8,queryTreeList
FN:12,queryTableList
FN:16,prePrivilege
FN:20,allocation
FNF:5
FNH:0
FNDA:0,queryTreeSelectList
FNDA:0,queryTreeList
FNDA:0,queryTableList
FNDA:0,prePrivilege
FNDA:0,allocation
DA:5,0
DA:9,0
DA:13,0
DA:17,0
DA:21,0
LF:5
LH:0
BRF:0
BRH:0
end_of_record
TN:
SF:src/api/caseManagementCenter/caseReport.js
FN:8,queryTradeType
FN:13,findsysParams
FN:18,queryDataList
FN:23,addCaseReport
FN:28,updateCaseReport
FN:33,delCaseReport
FN:38,batchCaseReport
FNF:7
FNH:0
FNDA:0,queryTradeType
FNDA:0,findsysParams
FNDA:0,queryDataList
FNDA:0,addCaseReport
FNDA:0,updateCaseReport
FNDA:0,delCaseReport
FNDA:0,batchCaseReport
DA:9,0
DA:14,0
DA:19,0
DA:24,0
DA:29,0
DA:34,0
DA:39,0
LF:7
LH:0
BRF:0
BRH:0
end_of_record
TN:
SF:src/api/caseManagementCenter/pendingTask.js
FN:8,queryFirstReviewerInfo
FN:13,querySameLevelTransferInfo
FN:18,queryTaskList
FN:23,queryTradeType
FN:28,findsysParams
FN:33,assignSubmit
FN:38,transferSubmit
FN:43,checkTaskDetail
FN:48,taskSubmit
FN:53,checkDetail
FNF:10
FNH:0
FNDA:0,queryFirstReviewerInfo
FNDA:0,querySameLevelTransferInfo
FNDA:0,queryTaskList
FNDA:0,queryTradeType
FNDA:0,findsysParams
FNDA:0,assignSubmit
FNDA:0,transferSubmit
FNDA:0,checkTaskDetail
FNDA:0,taskSubmit
FNDA:0,checkDetail
DA:9,0
DA:14,0
DA:19,0
DA:24,0
DA:29,0
DA:34,0
DA:39,0
DA:44,0
DA:49,0
DA:54,0
LF:10
LH:0
BRF:0
BRH:0
end_of_record
TN:
SF:src/assets/bpmn/firstTimeAudit.js
FNF:0
FNH:0
DA:1,0
LF:1
LH:0
BRF:0
BRH:0
end_of_record
TN:
SF:src/assets/bpmn/secondTimeAudit.js
FNF:0
FNH:0
DA:1,0
LF:1
LH:0
BRF:0
BRH:0
end_of_record
TN:
SF:src/common/config.js
FNF:0
FNH:0
LF:0
LH:0
BRF:0
BRH:0
end_of_record
TN:
SF:src/components/BaseCharts.vue
FN:55,(anonymous_1)
FN:62,(anonymous_2)
FN:69,(anonymous_3)
FN:76,(anonymous_4)
FN:79,(anonymous_5)
FNF:5
FNH:0
FNDA:0,(anonymous_1)
FNDA:0,(anonymous_2)
FNDA:0,(anonymous_3)
FNDA:0,(anonymous_4)
FNDA:0,(anonymous_5)
DA:55,0
DA:63,0
DA:70,0
DA:71,0
DA:77,0
DA:80,0
DA:81,0
LF:7
LH:0
BRDA:71,0,0,0
BRDA:71,0,1,0
BRDA:80,1,0,0
BRDA:80,1,1,0
BRF:4
BRH:0
end_of_record
TN:
SF:src/components/BaseCreate.vue
FN:558,(anonymous_1)
FN:570,(anonymous_3)
FN:576,(anonymous_4)
FN:593,(anonymous_5)
FN:599,(anonymous_6)
FN:610,(anonymous_7)
FN:615,(anonymous_8)
FN:623,(anonymous_9)
FN:630,(anonymous_10)
FN:633,(anonymous_11)
FN:637,(anonymous_12)
FN:641,(anonymous_13)
FN:644,(anonymous_14)
FN:648,(anonymous_15)
FN:652,(anonymous_16)
FN:656,(anonymous_17)
FN:661,(anonymous_18)
FN:667,(anonymous_19)
FNF:18
FNH:0
FNDA:0,(anonymous_1)
FNDA:0,(anonymous_3)
FNDA:0,(anonymous_4)
FNDA:0,(anonymous_5)
FNDA:0,(anonymous_6)
FNDA:0,(anonymous_7)
FNDA:0,(anonymous_8)
FNDA:0,(anonymous_9)
FNDA:0,(anonymous_10)
FNDA:0,(anonymous_11)
FNDA:0,(anonymous_12)
FNDA:0,(anonymous_13)
FNDA:0,(anonymous_14)
FNDA:0,(anonymous_15)
FNDA:0,(anonymous_16)
FNDA:0,(anonymous_17)
FNDA:0,(anonymous_18)
FNDA:0,(anonymous_19)
DA:555,0
DA:556,0
DA:558,0
DA:559,0
DA:570,0
DA:576,0
DA:594,0
DA:595,0
DA:600,0
DA:611,0
DA:616,0
DA:617,0
DA:618,0
DA:619,0
DA:620,0
DA:622,0
DA:623,0
DA:631,0
DA:634,0
DA:635,0
DA:638,0
DA:639,0
DA:642,0
DA:645,0
DA:646,0
DA:649,0
DA:650,0
DA:653,0
DA:657,0
DA:662,0
DA:668,0
LF:31
LH:0
BRDA:594,0,0,0
BRDA:594,0,1,0
BRDA:616,1,0,0
BRDA:616,1,1,0
BRDA:617,2,0,0
BRDA:617,2,1,0
BRDA:663,3,0,0
BRDA:663,3,1,0
BRDA:664,4,0,0
BRDA:664,4,1,0
BRF:10
BRH:0
end_of_record
TN:
SF:src/components/BaseCrud.vue
FN:182,(anonymous_1)
FN:186,(anonymous_2)
FN:200,(anonymous_3)
FN:215,(anonymous_4)
FN:218,(anonymous_5)
FN:221,(anonymous_6)
FN:222,(anonymous_7)
FN:226,(anonymous_8)
FNF:8
FNH:0
FNDA:0,(anonymous_1)
FNDA:0,(anonymous_2)
FNDA:0,(anonymous_3)
FNDA:0,(anonymous_4)
FNDA:0,(anonymous_5)
FNDA:0,(anonymous_6)
FNDA:0,(anonymous_7)
FNDA:0,(anonymous_8)
DA:173,0
DA:182,0
DA:186,0
DA:201,0
DA:216,0
DA:219,0
DA:223,0
DA:224,0
DA:227,0
LF:9
LH:0
BRF:0
BRH:0
end_of_record
TN:
SF:src/components/BaseRiskLogDetails.vue
FN:195,(anonymous_1)
FN:199,(anonymous_2)
FN:202,(anonymous_3)
FN:205,(anonymous_4)
FN:209,(anonymous_5)
FN:215,(anonymous_6)
FNF:6
FNH:0
FNDA:0,(anonymous_1)
FNDA:0,(anonymous_2)
FNDA:0,(anonymous_3)
FNDA:0,(anonymous_4)
FNDA:0,(anonymous_5)
FNDA:0,(anonymous_6)
DA:199,0
DA:203,0
DA:210,0
DA:217,0
DA:218,0
DA:219,0
DA:221,0
DA:223,0
LF:8
LH:0
BRDA:218,0,0,0
BRDA:218,0,1,0
BRDA:218,1,0,0
BRDA:218,1,1,0
BRF:4
BRH:0
end_of_record
TN:
SF:src/components/BaseSearch.vue
FN:154,(anonymous_1)
FN:165,(anonymous_2)
FN:174,(anonymous_3)
FN:182,(anonymous_4)
FN:184,(anonymous_5)
FN:187,(anonymous_6)
FN:190,(anonymous_7)
FN:197,(anonymous_8)
FNF:8
FNH:0
FNDA:0,(anonymous_1)
FNDA:0,(anonymous_2)
FNDA:0,(anonymous_3)
FNDA:0,(anonymous_4)
FNDA:0,(anonymous_5)
FNDA:0,(anonymous_6)
FNDA:0,(anonymous_7)
FNDA:0,(anonymous_8)
DA:146,0
DA:147,0
DA:148,0
DA:154,0
DA:165,0
DA:175,0
DA:176,0
DA:185,0
DA:188,0
DA:191,0
DA:192,0
DA:193,0
DA:198,0
DA:199,0
DA:201,0
DA:203,0
DA:204,0
DA:205,0
DA:208,0
LF:19
LH:0
BRDA:175,0,0,0
BRDA:175,0,1,0
BRDA:192,1,0,0
BRDA:192,1,1,0
BRDA:198,2,0,0
BRDA:198,2,1,0
BRDA:199,3,0,0
BRDA:199,3,1,0
BRDA:204,4,0,0
BRDA:204,4,1,0
BRF:10
BRH:0
end_of_record
TN:
SF:src/components/BaseTable.vue
FN:101,(anonymous_1)
FN:109,(anonymous_2)
FN:113,(anonymous_3)
FN:125,(anonymous_4)
FN:134,(anonymous_5)
FN:138,(anonymous_6)
FN:140,(anonymous_7)
FN:143,(anonymous_8)
FN:146,(anonymous_9)
FNF:9
FNH:0
FNDA:0,(anonymous_1)
FNDA:0,(anonymous_2)
FNDA:0,(anonymous_3)
FNDA:0,(anonymous_4)
FNDA:0,(anonymous_5)
FNDA:0,(anonymous_6)
FNDA:0,(anonymous_7)
FNDA:0,(anonymous_8)
FNDA:0,(anonymous_9)
DA:102,0
DA:109,0
DA:113,0
DA:125,0
DA:135,0
DA:141,0
DA:144,0
DA:147,0
LF:8
LH:0
BRF:0
BRH:0
end_of_record
TN:
SF:src/components/CaseReviewDesignate.vue
FN:128,(anonymous_1)
FN:136,(anonymous_2)
FN:140,(anonymous_3)
FN:144,(anonymous_4)
FN:148,(anonymous_5)
FN:151,(anonymous_6)
FN:159,(anonymous_7)
FN:162,(anonymous_8)
FNF:8
FNH:0
FNDA:0,(anonymous_1)
FNDA:0,(anonymous_2)
FNDA:0,(anonymous_3)
FNDA:0,(anonymous_4)
FNDA:0,(anonymous_5)
FNDA:0,(anonymous_6)
FNDA:0,(anonymous_7)
FNDA:0,(anonymous_8)
DA:136,0
DA:140,0
DA:151,0
DA:160,0
DA:163,0
LF:5
LH:0
BRF:0
BRH:0
end_of_record
TN:
SF:src/components/DateTimePicker.vue
FN:200,(anonymous_1)
FN:211,(anonymous_2)
FN:214,(anonymous_3)
FN:217,(anonymous_4)
FN:222,(anonymous_5)
FN:233,(anonymous_6)
FN:238,(anonymous_7)
FN:241,(anonymous_8)
FN:253,(anonymous_9)
FN:257,(anonymous_10)
FN:276,(anonymous_11)
FN:280,(anonymous_12)
FN:286,(anonymous_13)
FN:293,(anonymous_14)
FNF:14
FNH:0
FNDA:0,(anonymous_1)
FNDA:0,(anonymous_2)
FNDA:0,(anonymous_3)
FNDA:0,(anonymous_4)
FNDA:0,(anonymous_5)
FNDA:0,(anonymous_6)
FNDA:0,(anonymous_7)
FNDA:0,(anonymous_8)
FNDA:0,(anonymous_9)
FNDA:0,(anonymous_10)
FNDA:0,(anonymous_11)
FNDA:0,(anonymous_12)
FNDA:0,(anonymous_13)
FNDA:0,(anonymous_14)
DA:127,0
DA:129,0
DA:130,0
DA:131,0
DA:132,0
DA:133,0
DA:134,0
DA:135,0
DA:201,0
DA:212,0
DA:215,0
DA:218,0
DA:223,0
DA:224,0
DA:225,0
DA:226,0
DA:228,0
DA:230,0
DA:234,0
DA:239,0
DA:242,0
DA:243,0
DA:244,0
DA:245,0
DA:247,0
DA:248,0
DA:254,0
DA:258,0
DA:259,0
DA:263,0
DA:264,0
DA:265,0
DA:270,0
DA:273,0
DA:274,0
DA:277,0
DA:278,0
DA:282,0
DA:283,0
DA:284,0
DA:287,0
DA:288,0
DA:289,0
DA:290,0
DA:294,0
LF:45
LH:0
BRDA:218,0,0,0
BRDA:218,0,1,0
BRDA:223,1,0,0
BRDA:223,1,1,0
BRDA:223,2,0,0
BRDA:223,2,1,0
BRDA:225,3,0,0
BRDA:225,3,1,0
BRDA:242,4,0,0
BRDA:242,4,1,0
BRDA:242,5,0,0
BRDA:242,5,1,0
BRDA:243,6,0,0
BRDA:243,6,1,0
BRDA:258,7,0,0
BRDA:258,7,1,0
BRDA:263,8,0,0
BRDA:263,8,1,0
BRDA:265,9,0,0
BRDA:265,9,1,0
BRDA:265,10,0,0
BRDA:265,10,1,0
BRDA:289,11,0,0
BRDA:289,11,1,0
BRF:24
BRH:0
end_of_record
TN:
SF:src/components/DelDialog.vue
FN:51,(anonymous_1)
FN:58,(anonymous_2)
FN:60,(anonymous_3)
FN:63,(anonymous_4)
FNF:4
FNH:0
FNDA:0,(anonymous_1)
FNDA:0,(anonymous_2)
FNDA:0,(anonymous_3)
FNDA:0,(anonymous_4)
DA:52,0
DA:61,0
DA:64,0
LF:3
LH:0
BRF:0
BRH:0
end_of_record
TN:
SF:src/components/FlowViewer.vue
FN:24,(anonymous_1)
FN:27,(anonymous_2)
FN:36,(anonymous_3)
FN:38,(anonymous_4)
FN:42,(anonymous_5)
FN:52,(anonymous_6)
FN:53,(anonymous_7)
FN:70,(anonymous_8)
FNF:8
FNH:0
FNDA:0,(anonymous_1)
FNDA:0,(anonymous_2)
FNDA:0,(anonymous_3)
FNDA:0,(anonymous_4)
FNDA:0,(anonymous_5)
FNDA:0,(anonymous_6)
FNDA:0,(anonymous_7)
FNDA:0,(anonymous_8)
DA:11,0
DA:12,0
DA:13,0
DA:14,0
DA:24,0
DA:28,0
DA:39,0
DA:43,0
DA:44,0
DA:47,0
DA:50,0
DA:53,0
DA:54,0
DA:55,0
DA:56,0
DA:57,0
DA:58,0
DA:59,0
DA:63,0
DA:64,0
DA:71,0
DA:72,0
DA:74,0
LF:23
LH:0
BRDA:57,0,0,0
BRDA:57,0,1,0
BRDA:58,1,0,0
BRDA:58,1,1,0
BRDA:58,2,0,0
BRDA:58,2,1,0
BRDA:63,3,0,0
BRDA:63,3,1,0
BRDA:71,4,0,0
BRDA:71,4,1,0
BRF:10
BRH:0
end_of_record
TN:
SF:src/components/Header.vue
FN:36,(anonymous_1)
FN:39,(anonymous_2)
FN:49,(anonymous_3)
FN:54,(anonymous_4)
FN:70,(anonymous_5)
FN:74,(anonymous_6)
FNF:6
FNH:0
FNDA:0,(anonymous_1)
FNDA:0,(anonymous_2)
FNDA:0,(anonymous_3)
FNDA:0,(anonymous_4)
FNDA:0,(anonymous_5)
FNDA:0,(anonymous_6)
DA:25,0
DA:26,0
DA:36,0
DA:39,0
DA:50,0
DA:55,0
DA:56,0
DA:58,0
DA:59,0
DA:60,0
DA:61,0
DA:62,0
DA:63,0
DA:65,0
DA:66,0
DA:71,0
DA:72,0
DA:75,0
DA:76,0
LF:19
LH:0
BRDA:55,0,0,0
BRDA:55,0,1,0
BRDA:60,1,0,0
BRDA:60,1,1,0
BRF:4
BRH:0
end_of_record
TN:
SF:src/components/HeaderNav.vue
FN:165,(anonymous_1)
FN:182,(anonymous_2)
FN:185,(anonymous_3)
FN:191,(anonymous_4)
FN:194,(anonymous_5)
FN:198,(anonymous_6)
FN:208,(anonymous_7)
FN:222,(anonymous_8)
FN:243,(anonymous_9)
FN:253,(anonymous_10)
FN:256,(anonymous_11)
FN:262,(anonymous_12)
FN:265,(anonymous_13)
FN:268,(anonymous_14)
FN:277,(anonymous_15)
FN:284,(anonymous_16)
FNF:16
FNH:0
FNDA:0,(anonymous_1)
FNDA:0,(anonymous_2)
FNDA:0,(anonymous_3)
FNDA:0,(anonymous_4)
FNDA:0,(anonymous_5)
FNDA:0,(anonymous_6)
FNDA:0,(anonymous_7)
FNDA:0,(anonymous_8)
FNDA:0,(anonymous_9)
FNDA:0,(anonymous_10)
FNDA:0,(anonymous_11)
FNDA:0,(anonymous_12)
FNDA:0,(anonymous_13)
FNDA:0,(anonymous_14)
FNDA:0,(anonymous_15)
FNDA:0,(anonymous_16)
DA:150,0
DA:151,0
DA:152,0
DA:165,0
DA:183,0
DA:186,0
DA:192,0
DA:195,0
DA:199,0
DA:209,0
DA:210,0
DA:211,0
DA:212,0
DA:213,0
DA:214,0
DA:215,0
DA:217,0
DA:218,0
DA:223,0
DA:224,0
DA:225,0
DA:226,0
DA:227,0
DA:230,0
DA:236,0
DA:244,0
DA:245,0
DA:248,0
DA:249,0
DA:250,0
DA:254,0
DA:257,0
DA:258,0
DA:259,0
DA:260,0
DA:263,0
DA:266,0
DA:269,0
DA:270,0
DA:278,0
DA:279,0
DA:280,0
DA:281,0
DA:285,0
DA:286,0
DA:287,0
DA:288,0
LF:47
LH:0
BRDA:212,0,0,0
BRDA:212,0,1,0
BRDA:223,1,0,0
BRDA:223,1,1,0
BRDA:226,2,0,0
BRDA:226,2,1,0
BRDA:244,3,0,0
BRDA:244,3,1,0
BRDA:279,4,0,0
BRDA:279,4,1,0
BRDA:285,5,0,0
BRDA:285,5,1,0
BRDA:287,6,0,0
BRDA:287,6,1,0
BRF:14
BRH:0
end_of_record
TN:
SF:src/components/LeftMenu.vue
FN:58,(anonymous_1)
FN:62,(anonymous_2)
FN:65,(anonymous_3)
FNF:3
FNH:0
FNDA:0,(anonymous_1)
FNDA:0,(anonymous_2)
FNDA:0,(anonymous_3)
DA:58,0
DA:63,0
DA:66,0
LF:3
LH:0
BRF:0
BRH:0
end_of_record
TN:
SF:src/components/TreeView.vue
FN:88,(anonymous_1)
FN:94,(anonymous_2)
FN:100,(anonymous_3)
FN:129,(anonymous_4)
FN:139,(anonymous_5)
FN:142,(anonymous_6)
FN:145,(anonymous_7)
FN:148,(anonymous_8)
FN:152,(anonymous_9)
FN:153,(anonymous_10)
FN:158,(anonymous_11)
FN:168,(anonymous_12)
FN:175,(anonymous_13)
FN:179,(anonymous_14)
FNF:14
FNH:0
FNDA:0,(anonymous_1)
FNDA:0,(anonymous_2)
FNDA:0,(anonymous_3)
FNDA:0,(anonymous_4)
FNDA:0,(anonymous_5)
FNDA:0,(anonymous_6)
FNDA:0,(anonymous_7)
FNDA:0,(anonymous_8)
FNDA:0,(anonymous_9)
FNDA:0,(anonymous_10)
FNDA:0,(anonymous_11)
FNDA:0,(anonymous_12)
FNDA:0,(anonymous_13)
FNDA:0,(anonymous_14)
DA:89,0
DA:95,0
DA:101,0
DA:130,0
DA:140,0
DA:143,0
DA:146,0
DA:149,0
DA:153,0
DA:154,0
DA:159,0
DA:160,0
DA:161,0
DA:163,0
DA:169,0
DA:170,0
DA:171,0
LF:17
LH:0
BRDA:159,0,0,0
BRDA:159,0,1,0
BRDA:169,1,0,0
BRDA:169,1,1,0
BRDA:170,2,0,0
BRDA:170,2,1,0
BRF:6
BRH:0
end_of_record
TN:
SF:src/components/risklogDetailCard.vue
FN:185,(anonymous_1)
FN:191,(anonymous_2)
FN:195,(anonymous_3)
FN:200,(anonymous_4)
FNF:4
FNH:0
FNDA:0,(anonymous_1)
FNDA:0,(anonymous_2)
FNDA:0,(anonymous_3)
FNDA:0,(anonymous_4)
DA:186,0
DA:195,0
DA:202,0
DA:203,0
DA:204,0
DA:206,0
DA:208,0
LF:7
LH:0
BRDA:203,0,0,0
BRDA:203,0,1,0
BRDA:203,1,0,0
BRDA:203,1,1,0
BRF:4
BRH:0
end_of_record
TN:
SF:src/components/tableHeightMixin.js
FN:2,(anonymous_0)
FN:8,(anonymous_1)
FN:11,(anonymous_2)
FN:15,(anonymous_3)
FN:18,(anonymous_4)
FN:21,(anonymous_5)
FN:28,(anonymous_6)
FN:31,(anonymous_7)
FN:37,(anonymous_8)
FNF:9
FNH:0
FNDA:0,(anonymous_0)
FNDA:0,(anonymous_1)
FNDA:0,(anonymous_2)
FNDA:0,(anonymous_3)
FNDA:0,(anonymous_4)
FNDA:0,(anonymous_5)
FNDA:0,(anonymous_6)
FNDA:0,(anonymous_7)
FNDA:0,(anonymous_8)
DA:1,0
DA:3,0
DA:9,0
DA:12,0
DA:16,0
DA:19,0
DA:22,0
DA:23,0
DA:29,0
DA:32,0
DA:38,0
DA:40,0
DA:43,0
LF:13
LH:0
BRDA:38,0,0,0
BRDA:38,0,1,0
BRF:2
BRH:0
end_of_record
TN:
SF:src/mixins/tableHeightMixin.js
FN:2,(anonymous_0)
FN:9,(anonymous_1)
FN:12,(anonymous_2)
FN:16,(anonymous_3)
FN:20,(anonymous_4)
FN:23,(anonymous_5)
FN:26,(anonymous_6)
FN:32,(anonymous_7)
FN:35,(anonymous_8)
FN:41,(anonymous_9)
FNF:10
FNH:0
FNDA:0,(anonymous_0)
FNDA:0,(anonymous_1)
FNDA:0,(anonymous_2)
FNDA:0,(anonymous_3)
FNDA:0,(anonymous_4)
FNDA:0,(anonymous_5)
FNDA:0,(anonymous_6)
FNDA:0,(anonymous_7)
FNDA:0,(anonymous_8)
FNDA:0,(anonymous_9)
DA:1,0
DA:3,0
DA:10,0
DA:13,0
DA:14,0
DA:17,0
DA:21,0
DA:24,0
DA:27,0
DA:33,0
DA:36,0
DA:42,0
DA:44,0
DA:47,0
LF:14
LH:0
BRDA:42,0,0,0
BRDA:42,0,1,0
BRF:2
BRH:0
end_of_record
TN:
SF:src/mixins/toggle.js
FN:2,(anonymous_0)
FN:7,(anonymous_1)
FN:11,(anonymous_2)
FNF:3
FNH:0
FNDA:0,(anonymous_0)
FNDA:0,(anonymous_1)
FNDA:0,(anonymous_2)
DA:1,0
DA:3,0
DA:8,0
DA:12,0
LF:4
LH:0
BRF:0
BRH:0
end_of_record
TN:
SF:src/mock/index.js
FN:22,getList
FN:29,addFunc
FN:40,deteleFunc
FN:43,(anonymous_3)
FN:55,editFunc
FNF:5
FNH:0
FNDA:0,getList
FNDA:0,addFunc
FNDA:0,deteleFunc
FNDA:0,(anonymous_3)
FNDA:0,editFunc
DA:3,0
DA:6,0
DA:11,0
DA:12,0
DA:13,0
DA:14,0
DA:23,0
DA:30,0
DA:31,0
DA:32,0
DA:33,0
DA:41,0
DA:42,0
DA:43,0
DA:44,0
DA:45,0
DA:48,0
DA:56,0
DA:63,0
DA:64,0
DA:65,0
DA:66,0
LF:22
LH:0
BRDA:44,0,0,0
BRDA:44,0,1,0
BRF:2
BRH:0
end_of_record
TN:
SF:src/mock/mock.js
FNF:0
FNH:0
DA:3,0
LF:1
LH:0
BRF:0
BRH:0
end_of_record
TN:
SF:src/mock/ruleSet.js
FN:30,getRuleSet
FN:41,addFunc
FN:52,deteleFunc
FN:55,(anonymous_3)
FN:67,editFunc
FNF:5
FNH:0
FNDA:0,getRuleSet
FNDA:0,addFunc
FNDA:0,deteleFunc
FNDA:0,(anonymous_3)
FNDA:0,editFunc
DA:3,0
DA:6,0
DA:11,0
DA:12,0
DA:13,0
DA:14,0
DA:31,0
DA:42,0
DA:43,0
DA:44,0
DA:45,0
DA:53,0
DA:54,0
DA:55,0
DA:56,0
DA:57,0
DA:60,0
DA:68,0
DA:75,0
DA:76,0
DA:77,0
DA:78,0
LF:22
LH:0
BRDA:56,0,0,0
BRDA:56,0,1,0
BRF:2
BRH:0
end_of_record
TN:
SF:src/mock/rulesVariableLib.js
FNF:0
FNH:0
LF:0
LH:0
BRF:0
BRH:0
end_of_record
TN:
SF:src/plugins/vuetify.js
FN:62,(anonymous_0)
FN:68,(anonymous_1)
FNF:2
FNH:0
FNDA:0,(anonymous_0)
FNDA:0,(anonymous_1)
DA:6,0
DA:11,0
DA:63,0
DA:69,0
LF:4
LH:0
BRDA:63,0,0,0
BRDA:63,0,1,0
BRF:2
BRH:0
end_of_record
TN:
SF:src/router/caseCenterRoutes.js
FN:2,(anonymous_0)
FN:3,(anonymous_1)
FN:8,(anonymous_2)
FN:9,(anonymous_3)
FN:14,(anonymous_4)
FN:15,(anonymous_5)
FN:20,(anonymous_6)
FN:21,(anonymous_7)
FN:26,(anonymous_8)
FN:27,(anonymous_9)
FN:33,(anonymous_10)
FN:34,(anonymous_11)
FN:39,(anonymous_12)
FN:40,(anonymous_13)
FN:46,(anonymous_14)
FN:47,(anonymous_15)
FN:53,(anonymous_16)
FN:54,(anonymous_17)
FNF:18
FNH:0
FNDA:0,(anonymous_0)
FNDA:0,(anonymous_1)
FNDA:0,(anonymous_2)
FNDA:0,(anonymous_3)
FNDA:0,(anonymous_4)
FNDA:0,(anonymous_5)
FNDA:0,(anonymous_6)
FNDA:0,(anonymous_7)
FNDA:0,(anonymous_8)
FNDA:0,(anonymous_9)
FNDA:0,(anonymous_10)
FNDA:0,(anonymous_11)
FNDA:0,(anonymous_12)
FNDA:0,(anonymous_13)
FNDA:0,(anonymous_14)
FNDA:0,(anonymous_15)
FNDA:0,(anonymous_16)
FNDA:0,(anonymous_17)
DA:2,0
DA:3,0
DA:4,0
DA:8,0
DA:9,0
DA:10,0
DA:14,0
DA:15,0
DA:16,0
DA:20,0
DA:21,0
DA:22,0
DA:26,0
DA:27,0
DA:28,0
DA:33,0
DA:34,0
DA:35,0
DA:39,0
DA:40,0
DA:41,0
DA:46,0
DA:47,0
DA:48,0
DA:53,0
DA:54,0
DA:55,0
DA:59,0
LF:28
LH:0
BRF:0
BRH:0
end_of_record
TN:
SF:src/router/dataManageCenterRoutes.js
FNF:0
FNH:0
DA:1,0
LF:1
LH:0
BRF:0
BRH:0
end_of_record
TN:
SF:src/router/featureOperatorCenterRoutes.js
FN:2,(anonymous_0)
FN:3,(anonymous_1)
FN:8,(anonymous_2)
FN:9,(anonymous_3)
FN:14,(anonymous_4)
FN:15,(anonymous_5)
FN:21,(anonymous_6)
FN:22,(anonymous_7)
FN:27,(anonymous_8)
FN:28,(anonymous_9)
FN:33,(anonymous_10)
FN:34,(anonymous_11)
FN:39,(anonymous_12)
FN:40,(anonymous_13)
FN:45,(anonymous_14)
FN:46,(anonymous_15)
FN:51,(anonymous_16)
FN:52,(anonymous_17)
FN:57,(anonymous_18)
FN:58,(anonymous_19)
FN:64,(anonymous_20)
FN:65,(anonymous_21)
FN:71,(anonymous_22)
FN:72,(anonymous_23)
FNF:24
FNH:0
FNDA:0,(anonymous_0)
FNDA:0,(anonymous_1)
FNDA:0,(anonymous_2)
FNDA:0,(anonymous_3)
FNDA:0,(anonymous_4)
FNDA:0,(anonymous_5)
FNDA:0,(anonymous_6)
FNDA:0,(anonymous_7)
FNDA:0,(anonymous_8)
FNDA:0,(anonymous_9)
FNDA:0,(anonymous_10)
FNDA:0,(anonymous_11)
FNDA:0,(anonymous_12)
FNDA:0,(anonymous_13)
FNDA:0,(anonymous_14)
FNDA:0,(anonymous_15)
FNDA:0,(anonymous_16)
FNDA:0,(anonymous_17)
FNDA:0,(anonymous_18)
FNDA:0,(anonymous_19)
FNDA:0,(anonymous_20)
FNDA:0,(anonymous_21)
FNDA:0,(anonymous_22)
FNDA:0,(anonymous_23)
DA:2,0
DA:3,0
DA:4,0
DA:8,0
DA:9,0
DA:10,0
DA:14,0
DA:15,0
DA:16,0
DA:21,0
DA:22,0
DA:23,0
DA:27,0
DA:28,0
DA:29,0
DA:33,0
DA:34,0
DA:35,0
DA:39,0
DA:40,0
DA:41,0
DA:45,0
DA:46,0
DA:47,0
DA:51,0
DA:52,0
DA:53,0
DA:57,0
DA:58,0
DA:59,0
DA:64,0
DA:65,0
DA:66,0
DA:71,0
DA:72,0
DA:73,0
DA:77,0
LF:37
LH:0
BRF:0
BRH:0
end_of_record
TN:
SF:src/router/riskCenterRoutes.js
FN:2,(anonymous_0)
FN:3,(anonymous_1)
FN:8,(anonymous_2)
FN:9,(anonymous_3)
FN:14,(anonymous_4)
FN:15,(anonymous_5)
FN:21,(anonymous_6)
FN:22,(anonymous_7)
FN:28,(anonymous_8)
FN:29,(anonymous_9)
FNF:10
FNH:0
FNDA:0,(anonymous_0)
FNDA:0,(anonymous_1)
FNDA:0,(anonymous_2)
FNDA:0,(anonymous_3)
FNDA:0,(anonymous_4)
FNDA:0,(anonymous_5)
FNDA:0,(anonymous_6)
FNDA:0,(anonymous_7)
FNDA:0,(anonymous_8)
FNDA:0,(anonymous_9)
DA:2,0
DA:3,0
DA:4,0
DA:8,0
DA:9,0
DA:10,0
DA:14,0
DA:15,0
DA:16,0
DA:21,0
DA:22,0
DA:23,0
DA:28,0
DA:29,0
DA:30,0
LF:15
LH:0
BRF:0
BRH:0
end_of_record
TN:
SF:src/router/sysManageCenterRoutes.js
FN:2,(anonymous_0)
FN:3,(anonymous_1)
FN:8,(anonymous_2)
FN:9,(anonymous_3)
FN:14,(anonymous_4)
FN:15,(anonymous_5)
FN:20,(anonymous_6)
FN:21,(anonymous_7)
FN:26,(anonymous_8)
FN:27,(anonymous_9)
FN:32,(anonymous_10)
FN:33,(anonymous_11)
FN:38,(anonymous_12)
FN:39,(anonymous_13)
FN:44,(anonymous_14)
FN:45,(anonymous_15)
FN:50,(anonymous_16)
FN:51,(anonymous_17)
FN:56,(anonymous_18)
FN:57,(anonymous_19)
FN:62,(anonymous_20)
FN:63,(anonymous_21)
FN:68,(anonymous_22)
FN:69,(anonymous_23)
FN:75,(anonymous_24)
FN:76,(anonymous_25)
FN:82,(anonymous_26)
FN:83,(anonymous_27)
FN:89,(anonymous_28)
FN:90,(anonymous_29)
FN:95,(anonymous_30)
FN:96,(anonymous_31)
FN:101,(anonymous_32)
FN:102,(anonymous_33)
FN:107,(anonymous_34)
FN:108,(anonymous_35)
FN:114,(anonymous_36)
FN:115,(anonymous_37)
FN:121,(anonymous_38)
FN:122,(anonymous_39)
FN:128,(anonymous_40)
FN:129,(anonymous_41)
FNF:42
FNH:0
FNDA:0,(anonymous_0)
FNDA:0,(anonymous_1)
FNDA:0,(anonymous_2)
FNDA:0,(anonymous_3)
FNDA:0,(anonymous_4)
FNDA:0,(anonymous_5)
FNDA:0,(anonymous_6)
FNDA:0,(anonymous_7)
FNDA:0,(anonymous_8)
FNDA:0,(anonymous_9)
FNDA:0,(anonymous_10)
FNDA:0,(anonymous_11)
FNDA:0,(anonymous_12)
FNDA:0,(anonymous_13)
FNDA:0,(anonymous_14)
FNDA:0,(anonymous_15)
FNDA:0,(anonymous_16)
FNDA:0,(anonymous_17)
FNDA:0,(anonymous_18)
FNDA:0,(anonymous_19)
FNDA:0,(anonymous_20)
FNDA:0,(anonymous_21)
FNDA:0,(anonymous_22)
FNDA:0,(anonymous_23)
FNDA:0,(anonymous_24)
FNDA:0,(anonymous_25)
FNDA:0,(anonymous_26)
FNDA:0,(anonymous_27)
FNDA:0,(anonymous_28)
FNDA:0,(anonymous_29)
FNDA:0,(anonymous_30)
FNDA:0,(anonymous_31)
FNDA:0,(anonymous_32)
FNDA:0,(anonymous_33)
FNDA:0,(anonymous_34)
FNDA:0,(anonymous_35)
FNDA:0,(anonymous_36)
FNDA:0,(anonymous_37)
FNDA:0,(anonymous_38)
FNDA:0,(anonymous_39)
FNDA:0,(anonymous_40)
FNDA:0,(anonymous_41)
DA:2,0
DA:3,0
DA:4,0
DA:8,0
DA:9,0
DA:10,0
DA:14,0
DA:15,0
DA:16,0
DA:20,0
DA:21,0
DA:22,0
DA:26,0
DA:27,0
DA:28,0
DA:32,0
DA:33,0
DA:34,0
DA:38,0
DA:39,0
DA:40,0
DA:44,0
DA:45,0
DA:46,0
DA:50,0
DA:51,0
DA:52,0
DA:56,0
DA:57,0
DA:58,0
DA:62,0
DA:63,0
DA:64,0
DA:68,0
DA:69,0
DA:70,0
DA:75,0
DA:76,0
DA:77,0
DA:82,0
DA:83,0
DA:84,0
DA:89,0
DA:90,0
DA:91,0
DA:95,0
DA:96,0
DA:97,0
DA:101,0
DA:102,0
DA:103,0
DA:107,0
DA:108,0
DA:109,0
DA:114,0
DA:115,0
DA:116,0
DA:121,0
DA:122,0
DA:123,0
DA:128,0
DA:129,0
DA:130,0
DA:134,0
LF:64
LH:0
BRF:0
BRH:0
end_of_record
TN:
SF:src/store/action.js
FN:7,(anonymous_0)
FN:12,(anonymous_1)
FN:17,(anonymous_2)
FN:21,(anonymous_3)
FNF:4
FNH:0
FNDA:0,(anonymous_0)
FNDA:0,(anonymous_1)
FNDA:0,(anonymous_2)
FNDA:0,(anonymous_3)
DA:7,0
DA:8,0
DA:9,0
DA:12,0
DA:13,0
DA:17,0
DA:18,0
DA:21,0
DA:22,0
LF:9
LH:0
BRF:0
BRH:0
end_of_record
TN:
SF:src/store/getter.js
FN:5,(anonymous_0)
FN:7,(anonymous_1)
FN:9,(anonymous_2)
FN:11,(anonymous_3)
FN:13,(anonymous_4)
FNF:5
FNH:0
FNDA:0,(anonymous_0)
FNDA:0,(anonymous_1)
FNDA:0,(anonymous_2)
FNDA:0,(anonymous_3)
FNDA:0,(anonymous_4)
DA:5,0
DA:7,0
DA:9,0
DA:11,0
DA:13,0
LF:5
LH:0
BRF:0
BRH:0
end_of_record
TN:
SF:src/store/index.js
FNF:0
FNH:0
DA:9,0
DA:10,0
LF:2
LH:0
BRDA:18,0,0,0
BRDA:18,0,1,0
BRF:2
BRH:0
end_of_record
TN:
SF:src/store/mutation-type.js
FNF:0
FNH:0
DA:5,0
DA:7,0
DA:9,0
DA:11,0
DA:13,0
LF:5
LH:0
BRF:0
BRH:0
end_of_record
TN:
SF:src/store/mutation.js
FN:8,(anonymous_0)
FN:11,(anonymous_1)
FN:14,(anonymous_2)
FN:17,(anonymous_3)
FN:145,(anonymous_4)
FNF:5
FNH:0
FNDA:0,(anonymous_0)
FNDA:0,(anonymous_1)
FNDA:0,(anonymous_2)
FNDA:0,(anonymous_3)
FNDA:0,(anonymous_4)
DA:7,0
DA:9,0
DA:12,0
DA:15,0
DA:18,0
DA:19,0
DA:20,0
DA:25,0
DA:26,0
DA:31,0
DA:32,0
DA:37,0
DA:38,0
DA:44,0
DA:45,0
DA:46,0
DA:54,0
DA:67,0
DA:68,0
DA:80,0
DA:81,0
DA:82,0
DA:83,0
DA:96,0
DA:105,0
DA:106,0
DA:124,0
DA:143,0
DA:146,0
LF:29
LH:0
BRDA:19,0,0,0
BRDA:19,0,1,0
BRDA:25,1,0,0
BRDA:25,1,1,0
BRDA:31,2,0,0
BRDA:31,2,1,0
BRDA:37,3,0,0
BRDA:37,3,1,0
BRDA:44,4,0,0
BRDA:44,4,1,0
BRDA:45,5,0,0
BRDA:45,5,1,0
BRDA:67,6,0,0
BRDA:67,6,1,0
BRDA:67,7,0,0
BRDA:67,7,1,0
BRDA:80,8,0,0
BRDA:80,8,1,0
BRDA:81,9,0,0
BRDA:81,9,1,0
BRDA:105,10,0,0
BRDA:105,10,1,0
BRF:22
BRH:0
end_of_record
TN:
SF:src/store/state.js
FNF:0
FNH:0
DA:5,0
LF:1
LH:0
BRF:0
BRH:0
end_of_record
TN:
SF:src/utils/axios-request.js
FN:17,(anonymous_0)
FN:35,(anonymous_1)
FN:48,(anonymous_2)
FN:55,(anonymous_3)
FN:71,(anonymous_4)
FN:78,(anonymous_5)
FN:132,(anonymous_6)
FN:149,(anonymous_7)
FNF:8
FNH:0
FNDA:0,(anonymous_0)
FNDA:0,(anonymous_1)
FNDA:0,(anonymous_2)
FNDA:0,(anonymous_3)
FNDA:0,(anonymous_4)
FNDA:0,(anonymous_5)
FNDA:0,(anonymous_6)
FNDA:0,(anonymous_7)
DA:9,0
DA:11,0
DA:17,0
DA:18,0
DA:27,0
DA:34,0
DA:41,0
DA:42,0
DA:44,0
DA:45,0
DA:46,0
DA:50,0
DA:54,0
DA:56,0
DA:57,0
DA:58,0
DA:59,0
DA:61,0
DA:62,0
DA:64,0
DA:66,0
DA:67,0
DA:69,0
DA:70,0
DA:71,0
DA:72,0
DA:74,0
DA:77,0
DA:78,0
DA:79,0
DA:81,0
DA:83,0
DA:84,0
DA:86,0
DA:87,0
DA:89,0
DA:90,0
DA:115,0
DA:117,0
DA:118,0
DA:121,0
DA:122,0
DA:127,0
DA:129,0
DA:133,0
DA:134,0
DA:136,0
DA:137,0
DA:138,0
DA:139,0
DA:141,0
DA:142,0
DA:144,0
DA:145,0
DA:146,0
DA:148,0
DA:149,0
DA:150,0
DA:152,0
DA:153,0
DA:155,0
DA:156,0
DA:158,0
DA:159,0
DA:161,0
DA:162,0
DA:164,0
DA:165,0
DA:167,0
DA:168,0
DA:170,0
DA:171,0
DA:173,0
DA:174,0
DA:176,0
DA:177,0
DA:179,0
DA:182,0
DA:185,0
DA:189,0
LF:80
LH:0
BRDA:41,0,0,0
BRDA:41,0,1,0
BRDA:44,1,0,0
BRDA:44,1,1,0
BRDA:58,2,0,0
BRDA:58,2,1,0
BRDA:59,3,0,0
BRDA:59,3,1,0
BRDA:59,3,2,0
BRDA:59,3,3,0
BRDA:59,3,4,0
BRDA:59,3,5,0
BRDA:59,3,6,0
BRDA:59,3,7,0
BRDA:59,3,8,0
BRDA:59,3,9,0
BRDA:59,3,10,0
BRDA:59,3,11,0
BRDA:59,3,12,0
BRDA:59,3,13,0
BRDA:59,3,14,0
BRDA:59,3,15,0
BRDA:59,3,16,0
BRDA:59,3,17,0
BRDA:59,3,18,0
BRDA:59,3,19,0
BRDA:59,3,20,0
BRDA:59,3,21,0
BRDA:59,3,22,0
BRDA:59,3,23,0
BRDA:59,3,24,0
BRDA:59,3,25,0
BRDA:59,3,26,0
BRDA:59,3,27,0
BRDA:59,3,28,0
BRDA:59,3,29,0
BRDA:59,3,30,0
BRDA:59,3,31,0
BRDA:59,3,32,0
BRDA:121,4,0,0
BRDA:121,4,1,0
BRDA:137,5,0,0
BRDA:137,5,1,0
BRDA:139,6,0,0
BRDA:139,6,1,0
BRDA:139,6,2,0
BRDA:139,6,3,0
BRDA:139,6,4,0
BRDA:139,6,5,0
BRDA:139,6,6,0
BRDA:139,6,7,0
BRDA:139,6,8,0
BRDA:139,6,9,0
BRDA:139,6,10,0
BRDA:139,6,11,0
BRF:55
BRH:0
end_of_record
TN:
SF:src/utils/bus.js
FN:6,(anonymous_0)
FN:12,(anonymous_1)
FN:17,(anonymous_2)
FNF:3
FNH:0
FNDA:0,(anonymous_0)
FNDA:0,(anonymous_1)
FNDA:0,(anonymous_2)
DA:2,0
DA:3,0
DA:4,0
DA:5,0
DA:6,0
DA:7,0
DA:8,0
DA:10,0
DA:12,0
DA:13,0
DA:14,0
DA:17,0
DA:18,0
DA:19,0
DA:21,0
LF:15
LH:0
BRDA:7,0,0,0
BRDA:7,0,1,0
BRDA:13,1,0,0
BRDA:13,1,1,0
BRDA:13,2,0,0
BRDA:13,2,1,0
BRDA:18,3,0,0
BRDA:18,3,1,0
BRDA:18,4,0,0
BRDA:18,4,1,0
BRDA:19,5,0,0
BRDA:19,5,1,0
BRF:12
BRH:0
end_of_record
TN:
SF:src/utils/generalDataTableHeaders.js
FN:191,(anonymous_0)
FNF:1
FNH:0
FNDA:0,(anonymous_0)
DA:8,0
DA:61,0
DA:115,0
DA:131,0
DA:146,0
DA:160,0
DA:175,0
DA:191,0
DA:192,0
DA:193,0
DA:194,0
DA:196,0
DA:197,0
DA:199,0
DA:200,0
DA:202,0
DA:203,0
DA:205,0
DA:206,0
DA:208,0
DA:209,0
DA:211,0
DA:212,0
DA:213,0
DA:214,0
DA:216,0
DA:217,0
DA:219,0
DA:221,0
DA:222,0
DA:224,0
DA:225,0
DA:227,0
DA:228,0
DA:230,0
DA:231,0
DA:233,0
DA:234,0
DA:236,0
DA:237,0
DA:239,0
DA:240,0
DA:242,0
DA:243,0
DA:245,0
DA:246,0
DA:248,0
DA:249,0
DA:251,0
DA:252,0
DA:254,0
DA:257,0
DA:258,0
DA:260,0
DA:261,0
DA:263,0
DA:264,0
DA:266,0
DA:267,0
DA:269,0
DA:270,0
DA:272,0
DA:273,0
DA:275,0
DA:276,0
DA:278,0
LF:66
LH:0
BRDA:194,0,0,0
BRDA:194,0,1,0
BRDA:194,0,2,0
BRDA:194,0,3,0
BRDA:194,0,4,0
BRDA:194,0,5,0
BRDA:194,0,6,0
BRDA:194,0,7,0
BRDA:194,0,8,0
BRDA:194,0,9,0
BRDA:194,0,10,0
BRDA:194,0,11,0
BRDA:194,0,12,0
BRDA:194,0,13,0
BRDA:194,0,14,0
BRDA:194,0,15,0
BRDA:194,0,16,0
BRDA:194,0,17,0
BRDA:211,1,0,0
BRDA:211,1,1,0
BRDA:211,2,0,0
BRDA:211,2,1,0
BRDA:257,3,0,0
BRDA:257,3,1,0
BRDA:260,4,0,0
BRDA:260,4,1,0
BRDA:263,5,0,0
BRDA:263,5,1,0
BRDA:266,6,0,0
BRDA:266,6,1,0
BRDA:269,7,0,0
BRDA:269,7,1,0
BRDA:272,8,0,0
BRDA:272,8,1,0
BRDA:275,9,0,0
BRDA:275,9,1,0
BRF:36
BRH:0
end_of_record
TN:
SF:src/utils/selectDropDownConst.js
FNF:0
FNH:0
DA:1,0
DA:80,0
LF:2
LH:0
BRF:0
BRH:0
end_of_record
TN:
SF:src/utils/validate.js
FNF:0
FNH:0
DA:1,0
DA:3,0
DA:5,0
DA:7,0
DA:9,0
DA:11,0
LF:6
LH:0
BRF:0
BRH:0
end_of_record
TN:
SF:src/views/HelloWorld.vue
FN:10,(anonymous_1)
FNF:1
FNH:1
FNDA:2,(anonymous_1)
DA:11,2
LF:1
LH:1
BRF:0
BRH:0
end_of_record
TN:
SF:src/views/Home.vue
FN:51,(anonymous_1)
FN:69,(anonymous_2)
FN:71,(anonymous_3)
FN:117,(anonymous_4)
FN:120,(anonymous_5)
FN:121,(anonymous_6)
FN:123,(anonymous_7)
FN:130,(anonymous_8)
FN:176,(anonymous_9)
FN:188,(anonymous_10)
FN:196,(anonymous_11)
FN:210,(anonymous_12)
FN:212,(anonymous_13)
FN:239,(anonymous_14)
FN:241,(anonymous_15)
FN:248,(anonymous_16)
FN:259,(anonymous_17)
FNF:17
FNH:0
FNDA:0,(anonymous_1)
FNDA:0,(anonymous_2)
FNDA:0,(anonymous_3)
FNDA:0,(anonymous_4)
FNDA:0,(anonymous_5)
FNDA:0,(anonymous_6)
FNDA:0,(anonymous_7)
FNDA:0,(anonymous_8)
FNDA:0,(anonymous_9)
FNDA:0,(anonymous_10)
FNDA:0,(anonymous_11)
FNDA:0,(anonymous_12)
FNDA:0,(anonymous_13)
FNDA:0,(anonymous_14)
FNDA:0,(anonymous_15)
FNDA:0,(anonymous_16)
FNDA:0,(anonymous_17)
DA:40,0
DA:41,0
DA:42,0
DA:43,0
DA:51,0
DA:71,0
DA:72,0
DA:73,0
DA:75,0
DA:76,0
DA:77,0
DA:78,0
DA:79,0
DA:80,0
DA:81,0
DA:83,0
DA:84,0
DA:87,0
DA:88,0
DA:89,0
DA:90,0
DA:94,0
DA:95,0
DA:96,0
DA:98,0
DA:101,0
DA:102,0
DA:103,0
DA:104,0
DA:109,0
DA:110,0
DA:111,0
DA:113,0
DA:118,0
DA:121,0
DA:122,0
DA:123,0
DA:124,0
DA:125,0
DA:131,0
DA:132,0
DA:133,0
DA:134,0
DA:135,0
DA:136,0
DA:137,0
DA:139,0
DA:140,0
DA:141,0
DA:143,0
DA:144,0
DA:145,0
DA:146,0
DA:148,0
DA:149,0
DA:150,0
DA:152,0
DA:154,0
DA:155,0
DA:156,0
DA:158,0
DA:159,0
DA:163,0
DA:164,0
DA:165,0
DA:166,0
DA:168,0
DA:170,0
DA:171,0
DA:176,0
DA:177,0
DA:178,0
DA:179,0
DA:180,0
DA:183,0
DA:184,0
DA:185,0
DA:189,0
DA:190,0
DA:192,0
DA:199,0
DA:200,0
DA:201,0
DA:202,0
DA:204,0
DA:207,0
DA:209,0
DA:210,0
DA:211,0
DA:212,0
DA:213,0
DA:214,0
DA:219,0
DA:224,0
DA:240,0
DA:241,0
DA:242,0
DA:243,0
DA:244,0
DA:245,0
DA:248,0
DA:249,0
DA:250,0
DA:251,0
DA:252,0
DA:261,0
LF:106
LH:0
BRDA:75,0,0,0
BRDA:75,0,1,0
BRDA:80,1,0,0
BRDA:80,1,1,0
BRDA:87,2,0,0
BRDA:87,2,1,0
BRDA:95,3,0,0
BRDA:95,3,1,0
BRDA:124,4,0,0
BRDA:124,4,1,0
BRDA:138,5,0,0
BRDA:138,5,1,0
BRDA:138,5,2,0
BRDA:138,5,3,0
BRDA:138,5,4,0
BRDA:138,5,5,0
BRDA:163,6,0,0
BRDA:163,6,1,0
BRDA:165,7,0,0
BRDA:165,7,1,0
BRDA:178,8,0,0
BRDA:178,8,1,0
BRDA:189,9,0,0
BRDA:189,9,1,0
BRDA:189,10,0,0
BRDA:189,10,1,0
BRDA:200,11,0,0
BRDA:200,11,1,0
BRDA:211,12,0,0
BRDA:211,12,1,0
BRDA:213,13,0,0
BRDA:213,13,1,0
BRDA:240,14,0,0
BRDA:240,14,1,0
BRF:34
BRH:0
end_of_record
TN:
SF:src/views/login.vue
FN:96,(anonymous_1)
FN:107,(anonymous_2)
FN:110,(anonymous_3)
FN:124,(anonymous_4)
FN:127,(anonymous_5)
FN:128,(anonymous_6)
FN:131,(anonymous_7)
FN:138,(anonymous_8)
FN:177,(anonymous_9)
FN:181,(anonymous_10)
FN:185,(anonymous_11)
FNF:11
FNH:0
FNDA:0,(anonymous_1)
FNDA:0,(anonymous_2)
FNDA:0,(anonymous_3)
FNDA:0,(anonymous_4)
FNDA:0,(anonymous_5)
FNDA:0,(anonymous_6)
FNDA:0,(anonymous_7)
FNDA:0,(anonymous_8)
FNDA:0,(anonymous_9)
FNDA:0,(anonymous_10)
FNDA:0,(anonymous_11)
DA:94,0
DA:97,0
DA:107,0
DA:110,0
DA:128,0
DA:129,0
DA:130,0
DA:131,0
DA:132,0
DA:136,0
DA:140,0
DA:141,0
DA:144,0
DA:145,0
DA:146,0
DA:147,0
DA:148,0
DA:149,0
DA:150,0
DA:152,0
DA:153,0
DA:156,0
DA:158,0
DA:159,0
DA:160,0
DA:162,0
DA:163,0
DA:165,0
DA:166,0
DA:168,0
DA:169,0
DA:171,0
DA:172,0
DA:174,0
DA:175,0
DA:177,0
DA:178,0
DA:179,0
DA:180,0
DA:181,0
DA:182,0
DA:183,0
DA:184,0
DA:185,0
DA:186,0
DA:187,0
DA:193,0
DA:194,0
DA:195,0
DA:197,0
DA:198,0
DA:199,0
DA:200,0
LF:53
LH:0
BRDA:107,0,0,0
BRDA:107,0,1,0
BRDA:110,1,0,0
BRDA:110,1,1,0
BRDA:130,2,0,0
BRDA:130,2,1,0
BRDA:140,3,0,0
BRDA:140,3,1,0
BRDA:149,4,0,0
BRDA:149,4,1,0
BRDA:149,5,0,0
BRDA:149,5,1,0
BRDA:152,6,0,0
BRDA:152,6,1,0
BRDA:159,7,0,0
BRDA:159,7,1,0
BRDA:162,8,0,0
BRDA:162,8,1,0
BRDA:165,9,0,0
BRDA:165,9,1,0
BRDA:168,10,0,0
BRDA:168,10,1,0
BRDA:171,11,0,0
BRDA:171,11,1,0
BRDA:180,12,0,0
BRDA:180,12,1,0
BRDA:184,13,0,0
BRDA:184,13,1,0
BRF:28
BRH:0
end_of_record
TN:
SF:src/views/caseManagementCenter/caseLibrary.vue
FN:187,(anonymous_1)
FN:253,(anonymous_2)
FN:256,(anonymous_3)
FN:263,(anonymous_4)
FN:275,(anonymous_5)
FN:288,(anonymous_6)
FN:290,(anonymous_7)
FN:301,(anonymous_8)
FN:320,(anonymous_9)
FN:324,(anonymous_10)
FN:327,(anonymous_11)
FN:334,(anonymous_12)
FN:341,(anonymous_13)
FN:354,(anonymous_14)
FN:360,(anonymous_15)
FN:373,(anonymous_16)
FN:379,(anonymous_17)
FN:392,(anonymous_18)
FN:398,(anonymous_19)
FN:407,(anonymous_20)
FN:413,(anonymous_21)
FN:425,(anonymous_22)
FN:442,(anonymous_23)
FN:448,(anonymous_24)
FN:459,(anonymous_25)
FN:466,(anonymous_26)
FN:471,(anonymous_27)
FN:476,(anonymous_28)
FN:494,(anonymous_29)
FN:509,(anonymous_30)
FN:527,(anonymous_31)
FNF:31
FNH:0
FNDA:0,(anonymous_1)
FNDA:0,(anonymous_2)
FNDA:0,(anonymous_3)
FNDA:0,(anonymous_4)
FNDA:0,(anonymous_5)
FNDA:0,(anonymous_6)
FNDA:0,(anonymous_7)
FNDA:0,(anonymous_8)
FNDA:0,(anonymous_9)
FNDA:0,(anonymous_10)
FNDA:0,(anonymous_11)
FNDA:0,(anonymous_12)
FNDA:0,(anonymous_13)
FNDA:0,(anonymous_14)
FNDA:0,(anonymous_15)
FNDA:0,(anonymous_16)
FNDA:0,(anonymous_17)
FNDA:0,(anonymous_18)
FNDA:0,(anonymous_19)
FNDA:0,(anonymous_20)
FNDA:0,(anonymous_21)
FNDA:0,(anonymous_22)
FNDA:0,(anonymous_23)
FNDA:0,(anonymous_24)
FNDA:0,(anonymous_25)
FNDA:0,(anonymous_26)
FNDA:0,(anonymous_27)
FNDA:0,(anonymous_28)
FNDA:0,(anonymous_29)
FNDA:0,(anonymous_30)
FNDA:0,(anonymous_31)
DA:176,0
DA:177,0
DA:178,0
DA:179,0
DA:180,0
DA:187,0
DA:254,0
DA:257,0
DA:264,0
DA:276,0
DA:278,0
DA:281,0
DA:289,0
DA:290,0
DA:291,0
DA:292,0
DA:294,0
DA:295,0
DA:298,0
DA:302,0
DA:303,0
DA:304,0
DA:305,0
DA:306,0
DA:307,0
DA:308,0
DA:309,0
DA:311,0
DA:321,0
DA:325,0
DA:328,0
DA:335,0
DA:338,0
DA:339,0
DA:340,0
DA:341,0
DA:342,0
DA:346,0
DA:355,0
DA:358,0
DA:359,0
DA:360,0
DA:361,0
DA:365,0
DA:374,0
DA:377,0
DA:378,0
DA:379,0
DA:380,0
DA:384,0
DA:393,0
DA:396,0
DA:397,0
DA:398,0
DA:399,0
DA:408,0
DA:411,0
DA:412,0
DA:413,0
DA:414,0
DA:418,0
DA:426,0
DA:427,0
DA:428,0
DA:429,0
DA:430,0
DA:431,0
DA:432,0
DA:433,0
DA:434,0
DA:436,0
DA:437,0
DA:438,0
DA:439,0
DA:442,0
DA:443,0
DA:445,0
DA:449,0
DA:450,0
DA:451,0
DA:453,0
DA:455,0
DA:456,0
DA:460,0
DA:461,0
DA:462,0
DA:463,0
DA:467,0
DA:468,0
DA:472,0
DA:473,0
DA:477,0
DA:484,0
DA:485,0
DA:486,0
DA:487,0
DA:488,0
DA:489,0
DA:490,0
DA:495,0
DA:496,0
DA:497,0
DA:505,0
DA:506,0
DA:510,0
DA:514,0
DA:515,0
DA:517,0
DA:522,0
DA:523,0
DA:528,0
DA:529,0
DA:530,0
DA:538,0
DA:539,0
LF:115
LH:0
BRDA:276,0,0,0
BRDA:276,0,1,0
BRDA:291,1,0,0
BRDA:291,1,1,0
BRDA:294,2,0,0
BRDA:294,2,1,0
BRDA:306,3,0,0
BRDA:306,3,1,0
BRDA:339,4,0,0
BRDA:339,4,1,0
BRDA:359,5,0,0
BRDA:359,5,1,0
BRDA:378,6,0,0
BRDA:378,6,1,0
BRDA:397,7,0,0
BRDA:397,7,1,0
BRDA:412,8,0,0
BRDA:412,8,1,0
BRDA:430,9,0,0
BRDA:430,9,1,0
BRDA:450,10,0,0
BRDA:450,10,1,0
BRDA:461,11,0,0
BRDA:461,11,1,0
BRDA:486,12,0,0
BRDA:486,12,1,0
BRDA:515,13,0,0
BRDA:515,13,1,0
BRF:28
BRH:0
end_of_record
TN:
SF:src/views/caseManagementCenter/caseReport.vue
FN:228,(anonymous_1)
FN:230,(anonymous_2)
FN:238,(anonymous_3)
FN:421,(anonymous_4)
FN:428,(anonymous_5)
FN:430,(anonymous_6)
FN:441,(anonymous_7)
FN:444,(anonymous_8)
FN:451,(anonymous_9)
FN:461,(anonymous_10)
FN:473,(anonymous_11)
FN:490,(anonymous_12)
FN:494,(anonymous_13)
FN:497,(anonymous_14)
FN:501,(anonymous_15)
FN:509,(anonymous_16)
FN:523,(anonymous_17)
FN:530,(anonymous_18)
FN:543,(anonymous_19)
FN:550,(anonymous_20)
FN:563,(anonymous_21)
FN:581,(anonymous_22)
FN:590,(anonymous_23)
FN:601,(anonymous_24)
FN:608,(anonymous_25)
FN:613,(anonymous_26)
FN:618,(anonymous_27)
FN:636,(anonymous_28)
FN:646,(anonymous_29)
FN:657,(anonymous_30)
FN:658,(anonymous_31)
FN:670,(anonymous_32)
FN:676,(anonymous_33)
FN:695,(anonymous_34)
FN:700,(anonymous_35)
FNF:35
FNH:0
FNDA:0,(anonymous_1)
FNDA:0,(anonymous_2)
FNDA:0,(anonymous_3)
FNDA:0,(anonymous_4)
FNDA:0,(anonymous_5)
FNDA:0,(anonymous_6)
FNDA:0,(anonymous_7)
FNDA:0,(anonymous_8)
FNDA:0,(anonymous_9)
FNDA:0,(anonymous_10)
FNDA:0,(anonymous_11)
FNDA:0,(anonymous_12)
FNDA:0,(anonymous_13)
FNDA:0,(anonymous_14)
FNDA:0,(anonymous_15)
FNDA:0,(anonymous_16)
FNDA:0,(anonymous_17)
FNDA:0,(anonymous_18)
FNDA:0,(anonymous_19)
FNDA:0,(anonymous_20)
FNDA:0,(anonymous_21)
FNDA:0,(anonymous_22)
FNDA:0,(anonymous_23)
FNDA:0,(anonymous_24)
FNDA:0,(anonymous_25)
FNDA:0,(anonymous_26)
FNDA:0,(anonymous_27)
FNDA:0,(anonymous_28)
FNDA:0,(anonymous_29)
FNDA:0,(anonymous_30)
FNDA:0,(anonymous_31)
FNDA:0,(anonymous_32)
FNDA:0,(anonymous_33)
FNDA:0,(anonymous_34)
FNDA:0,(anonymous_35)
DA:215,0
DA:216,0
DA:217,0
DA:218,0
DA:219,0
DA:220,0
DA:230,0
DA:231,0
DA:232,0
DA:235,0
DA:238,0
DA:422,0
DA:424,0
DA:426,0
DA:433,0
DA:434,0
DA:436,0
DA:438,0
DA:442,0
DA:445,0
DA:452,0
DA:462,0
DA:464,0
DA:467,0
DA:474,0
DA:475,0
DA:476,0
DA:477,0
DA:478,0
DA:479,0
DA:480,0
DA:481,0
DA:483,0
DA:491,0
DA:495,0
DA:498,0
DA:502,0
DA:503,0
DA:506,0
DA:507,0
DA:508,0
DA:509,0
DA:510,0
DA:514,0
DA:519,0
DA:524,0
DA:525,0
DA:528,0
DA:529,0
DA:530,0
DA:532,0
DA:535,0
DA:544,0
DA:545,0
DA:548,0
DA:549,0
DA:550,0
DA:552,0
DA:555,0
DA:559,0
DA:564,0
DA:565,0
DA:566,0
DA:567,0
DA:568,0
DA:569,0
DA:570,0
DA:571,0
DA:572,0
DA:574,0
DA:575,0
DA:576,0
DA:577,0
DA:578,0
DA:581,0
DA:582,0
DA:584,0
DA:585,0
DA:586,0
DA:587,0
DA:591,0
DA:592,0
DA:593,0
DA:595,0
DA:597,0
DA:598,0
DA:602,0
DA:603,0
DA:604,0
DA:605,0
DA:609,0
DA:610,0
DA:614,0
DA:615,0
DA:619,0
DA:625,0
DA:626,0
DA:627,0
DA:628,0
DA:629,0
DA:630,0
DA:631,0
DA:632,0
DA:637,0
DA:642,0
DA:643,0
DA:647,0
DA:653,0
DA:654,0
DA:658,0
DA:659,0
DA:660,0
DA:661,0
DA:662,0
DA:663,0
DA:665,0
DA:666,0
DA:667,0
DA:671,0
DA:672,0
DA:673,0
DA:677,0
DA:678,0
DA:679,0
DA:681,0
DA:685,0
DA:686,0
DA:687,0
DA:688,0
DA:689,0
DA:690,0
DA:692,0
DA:696,0
DA:697,0
DA:698,0
DA:701,0
DA:702,0
DA:703,0
DA:704,0
DA:705,0
DA:706,0
DA:708,0
LF:142
LH:0
BRDA:231,0,0,0
BRDA:231,0,1,0
BRDA:422,1,0,0
BRDA:422,1,1,0
BRDA:433,2,0,0
BRDA:433,2,1,0
BRDA:462,3,0,0
BRDA:462,3,1,0
BRDA:478,4,0,0
BRDA:478,4,1,0
BRDA:507,5,0,0
BRDA:507,5,1,0
BRDA:529,6,0,0
BRDA:529,6,1,0
BRDA:549,7,0,0
BRDA:549,7,1,0
BRDA:567,8,0,0
BRDA:567,8,1,0
BRDA:592,9,0,0
BRDA:592,9,1,0
BRDA:603,10,0,0
BRDA:603,10,1,0
BRDA:628,11,0,0
BRDA:628,11,1,0
BRDA:659,12,0,0
BRDA:659,12,1,0
BRDA:686,13,0,0
BRDA:686,13,1,0
BRDA:702,14,0,0
BRDA:702,14,1,0
BRF:30
BRH:0
end_of_record
TN:
SF:src/views/caseManagementCenter/innocenceLibrary.vue
FN:178,(anonymous_1)
FN:238,(anonymous_2)
FN:241,(anonymous_3)
FN:248,(anonymous_4)
FN:260,(anonymous_5)
FN:273,(anonymous_6)
FN:275,(anonymous_7)
FN:286,(anonymous_8)
FN:305,(anonymous_9)
FN:309,(anonymous_10)
FN:312,(anonymous_11)
FN:319,(anonymous_12)
FN:326,(anonymous_13)
FN:339,(anonymous_14)
FN:345,(anonymous_15)
FN:358,(anonymous_16)
FN:364,(anonymous_17)
FN:377,(anonymous_18)
FN:383,(anonymous_19)
FN:392,(anonymous_20)
FN:398,(anonymous_21)
FN:410,(anonymous_22)
FN:427,(anonymous_23)
FN:433,(anonymous_24)
FN:444,(anonymous_25)
FN:451,(anonymous_26)
FN:456,(anonymous_27)
FN:461,(anonymous_28)
FN:479,(anonymous_29)
FN:494,(anonymous_30)
FN:512,(anonymous_31)
FNF:31
FNH:0
FNDA:0,(anonymous_1)
FNDA:0,(anonymous_2)
FNDA:0,(anonymous_3)
FNDA:0,(anonymous_4)
FNDA:0,(anonymous_5)
FNDA:0,(anonymous_6)
FNDA:0,(anonymous_7)
FNDA:0,(anonymous_8)
FNDA:0,(anonymous_9)
FNDA:0,(anonymous_10)
FNDA:0,(anonymous_11)
FNDA:0,(anonymous_12)
FNDA:0,(anonymous_13)
FNDA:0,(anonymous_14)
FNDA:0,(anonymous_15)
FNDA:0,(anonymous_16)
FNDA:0,(anonymous_17)
FNDA:0,(anonymous_18)
FNDA:0,(anonymous_19)
FNDA:0,(anonymous_20)
FNDA:0,(anonymous_21)
FNDA:0,(anonymous_22)
FNDA:0,(anonymous_23)
FNDA:0,(anonymous_24)
FNDA:0,(anonymous_25)
FNDA:0,(anonymous_26)
FNDA:0,(anonymous_27)
FNDA:0,(anonymous_28)
FNDA:0,(anonymous_29)
FNDA:0,(anonymous_30)
FNDA:0,(anonymous_31)
DA:167,0
DA:168,0
DA:169,0
DA:170,0
DA:171,0
DA:178,0
DA:239,0
DA:242,0
DA:249,0
DA:261,0
DA:263,0
DA:266,0
DA:274,0
DA:275,0
DA:276,0
DA:277,0
DA:279,0
DA:280,0
DA:283,0
DA:287,0
DA:288,0
DA:289,0
DA:290,0
DA:291,0
DA:292,0
DA:293,0
DA:294,0
DA:296,0
DA:306,0
DA:310,0
DA:313,0
DA:320,0
DA:323,0
DA:324,0
DA:325,0
DA:326,0
DA:327,0
DA:331,0
DA:340,0
DA:343,0
DA:344,0
DA:345,0
DA:346,0
DA:350,0
DA:359,0
DA:362,0
DA:363,0
DA:364,0
DA:365,0
DA:369,0
DA:378,0
DA:381,0
DA:382,0
DA:383,0
DA:384,0
DA:393,0
DA:396,0
DA:397,0
DA:398,0
DA:399,0
DA:403,0
DA:411,0
DA:412,0
DA:413,0
DA:414,0
DA:415,0
DA:416,0
DA:417,0
DA:418,0
DA:419,0
DA:421,0
DA:422,0
DA:423,0
DA:424,0
DA:427,0
DA:428,0
DA:430,0
DA:434,0
DA:435,0
DA:436,0
DA:438,0
DA:440,0
DA:441,0
DA:445,0
DA:446,0
DA:447,0
DA:448,0
DA:452,0
DA:453,0
DA:457,0
DA:458,0
DA:462,0
DA:469,0
DA:470,0
DA:471,0
DA:472,0
DA:473,0
DA:474,0
DA:475,0
DA:480,0
DA:481,0
DA:482,0
DA:490,0
DA:491,0
DA:495,0
DA:499,0
DA:500,0
DA:502,0
DA:507,0
DA:508,0
DA:513,0
DA:514,0
DA:515,0
DA:523,0
DA:524,0
LF:115
LH:0
BRDA:261,0,0,0
BRDA:261,0,1,0
BRDA:276,1,0,0
BRDA:276,1,1,0
BRDA:279,2,0,0
BRDA:279,2,1,0
BRDA:291,3,0,0
BRDA:291,3,1,0
BRDA:324,4,0,0
BRDA:324,4,1,0
BRDA:344,5,0,0
BRDA:344,5,1,0
BRDA:363,6,0,0
BRDA:363,6,1,0
BRDA:382,7,0,0
BRDA:382,7,1,0
BRDA:397,8,0,0
BRDA:397,8,1,0
BRDA:415,9,0,0
BRDA:415,9,1,0
BRDA:435,10,0,0
BRDA:435,10,1,0
BRDA:446,11,0,0
BRDA:446,11,1,0
BRDA:471,12,0,0
BRDA:471,12,1,0
BRDA:500,13,0,0
BRDA:500,13,1,0
BRF:28
BRH:0
end_of_record
TN:
SF:src/views/caseManagementCenter/pendingTask.vue
FN:196,(anonymous_1)
FN:412,(anonymous_2)
FN:415,(anonymous_3)
FN:422,(anonymous_4)
FN:434,(anonymous_5)
FN:447,(anonymous_6)
FN:449,(anonymous_7)
FN:460,(anonymous_8)
FN:479,(anonymous_9)
FN:483,(anonymous_10)
FN:486,(anonymous_11)
FN:490,(anonymous_12)
FN:497,(anonymous_13)
FN:510,(anonymous_14)
FN:516,(anonymous_15)
FN:529,(anonymous_16)
FN:535,(anonymous_17)
FN:548,(anonymous_18)
FN:554,(anonymous_19)
FN:563,(anonymous_20)
FN:569,(anonymous_21)
FN:581,(anonymous_22)
FN:597,(anonymous_23)
FN:603,(anonymous_24)
FN:614,(anonymous_25)
FN:621,(anonymous_26)
FN:626,(anonymous_27)
FN:631,(anonymous_28)
FN:653,(anonymous_29)
FN:654,(anonymous_30)
FN:675,(anonymous_31)
FN:695,(anonymous_32)
FN:696,(anonymous_33)
FN:717,(anonymous_34)
FN:732,(anonymous_35)
FNF:35
FNH:0
FNDA:0,(anonymous_1)
FNDA:0,(anonymous_2)
FNDA:0,(anonymous_3)
FNDA:0,(anonymous_4)
FNDA:0,(anonymous_5)
FNDA:0,(anonymous_6)
FNDA:0,(anonymous_7)
FNDA:0,(anonymous_8)
FNDA:0,(anonymous_9)
FNDA:0,(anonymous_10)
FNDA:0,(anonymous_11)
FNDA:0,(anonymous_12)
FNDA:0,(anonymous_13)
FNDA:0,(anonymous_14)
FNDA:0,(anonymous_15)
FNDA:0,(anonymous_16)
FNDA:0,(anonymous_17)
FNDA:0,(anonymous_18)
FNDA:0,(anonymous_19)
FNDA:0,(anonymous_20)
FNDA:0,(anonymous_21)
FNDA:0,(anonymous_22)
FNDA:0,(anonymous_23)
FNDA:0,(anonymous_24)
FNDA:0,(anonymous_25)
FNDA:0,(anonymous_26)
FNDA:0,(anonymous_27)
FNDA:0,(anonymous_28)
FNDA:0,(anonymous_29)
FNDA:0,(anonymous_30)
FNDA:0,(anonymous_31)
FNDA:0,(anonymous_32)
FNDA:0,(anonymous_33)
FNDA:0,(anonymous_34)
FNDA:0,(anonymous_35)
DA:185,0
DA:186,0
DA:187,0
DA:188,0
DA:189,0
DA:196,0
DA:413,0
DA:416,0
DA:423,0
DA:435,0
DA:437,0
DA:440,0
DA:448,0
DA:449,0
DA:450,0
DA:451,0
DA:453,0
DA:454,0
DA:457,0
DA:461,0
DA:462,0
DA:463,0
DA:464,0
DA:465,0
DA:466,0
DA:467,0
DA:468,0
DA:470,0
DA:480,0
DA:484,0
DA:487,0
DA:491,0
DA:494,0
DA:495,0
DA:496,0
DA:497,0
DA:498,0
DA:502,0
DA:511,0
DA:514,0
DA:515,0
DA:516,0
DA:517,0
DA:521,0
DA:530,0
DA:533,0
DA:534,0
DA:535,0
DA:536,0
DA:540,0
DA:549,0
DA:552,0
DA:553,0
DA:554,0
DA:555,0
DA:564,0
DA:567,0
DA:568,0
DA:569,0
DA:570,0
DA:574,0
DA:582,0
DA:583,0
DA:584,0
DA:585,0
DA:586,0
DA:587,0
DA:588,0
DA:589,0
DA:591,0
DA:592,0
DA:593,0
DA:594,0
DA:597,0
DA:598,0
DA:600,0
DA:604,0
DA:605,0
DA:606,0
DA:608,0
DA:610,0
DA:611,0
DA:615,0
DA:616,0
DA:617,0
DA:618,0
DA:622,0
DA:623,0
DA:627,0
DA:628,0
DA:632,0
DA:639,0
DA:640,0
DA:642,0
DA:643,0
DA:644,0
DA:645,0
DA:646,0
DA:647,0
DA:648,0
DA:649,0
DA:654,0
DA:655,0
DA:656,0
DA:657,0
DA:658,0
DA:660,0
DA:661,0
DA:662,0
DA:670,0
DA:671,0
DA:676,0
DA:680,0
DA:681,0
DA:683,0
DA:690,0
DA:691,0
DA:696,0
DA:697,0
DA:698,0
DA:699,0
DA:700,0
DA:702,0
DA:703,0
DA:704,0
DA:712,0
DA:713,0
DA:718,0
DA:719,0
DA:720,0
DA:728,0
DA:729,0
DA:733,0
DA:734,0
DA:735,0
DA:743,0
DA:744,0
LF:137
LH:0
BRDA:435,0,0,0
BRDA:435,0,1,0
BRDA:450,1,0,0
BRDA:450,1,1,0
BRDA:453,2,0,0
BRDA:453,2,1,0
BRDA:465,3,0,0
BRDA:465,3,1,0
BRDA:495,4,0,0
BRDA:495,4,1,0
BRDA:515,5,0,0
BRDA:515,5,1,0
BRDA:534,6,0,0
BRDA:534,6,1,0
BRDA:553,7,0,0
BRDA:553,7,1,0
BRDA:568,8,0,0
BRDA:568,8,1,0
BRDA:585,9,0,0
BRDA:585,9,1,0
BRDA:605,10,0,0
BRDA:605,10,1,0
BRDA:616,11,0,0
BRDA:616,11,1,0
BRDA:639,12,0,0
BRDA:639,12,1,0
BRDA:644,13,0,0
BRDA:644,13,1,0
BRDA:655,14,0,0
BRDA:655,14,1,0
BRDA:681,15,0,0
BRDA:681,15,1,0
BRDA:697,16,0,0
BRDA:697,16,1,0
BRF:34
BRH:0
end_of_record
TN:
SF:src/views/caseManagementCenter/processedTask.vue
FN:158,(anonymous_1)
FN:361,(anonymous_2)
FN:364,(anonymous_3)
FN:371,(anonymous_4)
FN:383,(anonymous_5)
FN:396,(anonymous_6)
FN:398,(anonymous_7)
FN:409,(anonymous_8)
FN:428,(anonymous_9)
FN:432,(anonymous_10)
FN:435,(anonymous_11)
FN:439,(anonymous_12)
FN:446,(anonymous_13)
FN:459,(anonymous_14)
FN:465,(anonymous_15)
FN:478,(anonymous_16)
FN:484,(anonymous_17)
FN:497,(anonymous_18)
FN:503,(anonymous_19)
FN:516,(anonymous_20)
FN:522,(anonymous_21)
FN:534,(anonymous_22)
FN:550,(anonymous_23)
FN:556,(anonymous_24)
FN:567,(anonymous_25)
FN:574,(anonymous_26)
FN:579,(anonymous_27)
FN:584,(anonymous_28)
FN:602,(anonymous_29)
FNF:29
FNH:0
FNDA:0,(anonymous_1)
FNDA:0,(anonymous_2)
FNDA:0,(anonymous_3)
FNDA:0,(anonymous_4)
FNDA:0,(anonymous_5)
FNDA:0,(anonymous_6)
FNDA:0,(anonymous_7)
FNDA:0,(anonymous_8)
FNDA:0,(anonymous_9)
FNDA:0,(anonymous_10)
FNDA:0,(anonymous_11)
FNDA:0,(anonymous_12)
FNDA:0,(anonymous_13)
FNDA:0,(anonymous_14)
FNDA:0,(anonymous_15)
FNDA:0,(anonymous_16)
FNDA:0,(anonymous_17)
FNDA:0,(anonymous_18)
FNDA:0,(anonymous_19)
FNDA:0,(anonymous_20)
FNDA:0,(anonymous_21)
FNDA:0,(anonymous_22)
FNDA:0,(anonymous_23)
FNDA:0,(anonymous_24)
FNDA:0,(anonymous_25)
FNDA:0,(anonymous_26)
FNDA:0,(anonymous_27)
FNDA:0,(anonymous_28)
FNDA:0,(anonymous_29)
DA:147,0
DA:148,0
DA:149,0
DA:150,0
DA:151,0
DA:158,0
DA:362,0
DA:365,0
DA:372,0
DA:384,0
DA:386,0
DA:389,0
DA:397,0
DA:398,0
DA:399,0
DA:400,0
DA:402,0
DA:403,0
DA:406,0
DA:410,0
DA:411,0
DA:412,0
DA:413,0
DA:414,0
DA:415,0
DA:416,0
DA:417,0
DA:419,0
DA:429,0
DA:433,0
DA:436,0
DA:440,0
DA:443,0
DA:444,0
DA:445,0
DA:446,0
DA:447,0
DA:451,0
DA:460,0
DA:463,0
DA:464,0
DA:465,0
DA:466,0
DA:470,0
DA:479,0
DA:482,0
DA:483,0
DA:484,0
DA:485,0
DA:489,0
DA:498,0
DA:501,0
DA:502,0
DA:503,0
DA:504,0
DA:508,0
DA:517,0
DA:520,0
DA:521,0
DA:522,0
DA:523,0
DA:527,0
DA:535,0
DA:536,0
DA:537,0
DA:538,0
DA:539,0
DA:540,0
DA:541,0
DA:542,0
DA:544,0
DA:545,0
DA:546,0
DA:547,0
DA:550,0
DA:551,0
DA:553,0
DA:557,0
DA:558,0
DA:559,0
DA:561,0
DA:563,0
DA:564,0
DA:568,0
DA:569,0
DA:570,0
DA:571,0
DA:575,0
DA:576,0
DA:580,0
DA:581,0
DA:585,0
DA:592,0
DA:593,0
DA:594,0
DA:595,0
DA:596,0
DA:597,0
DA:598,0
DA:603,0
DA:607,0
DA:608,0
DA:610,0
DA:615,0
DA:616,0
LF:105
LH:0
BRDA:384,0,0,0
BRDA:384,0,1,0
BRDA:399,1,0,0
BRDA:399,1,1,0
BRDA:402,2,0,0
BRDA:402,2,1,0
BRDA:414,3,0,0
BRDA:414,3,1,0
BRDA:444,4,0,0
BRDA:444,4,1,0
BRDA:464,5,0,0
BRDA:464,5,1,0
BRDA:483,6,0,0
BRDA:483,6,1,0
BRDA:502,7,0,0
BRDA:502,7,1,0
BRDA:521,8,0,0
BRDA:521,8,1,0
BRDA:538,9,0,0
BRDA:538,9,1,0
BRDA:558,10,0,0
BRDA:558,10,1,0
BRDA:569,11,0,0
BRDA:569,11,1,0
BRDA:594,12,0,0
BRDA:594,12,1,0
BRDA:608,13,0,0
BRDA:608,13,1,0
BRF:28
BRH:0
end_of_record
TN:
SF:src/views/caseManagementCenter/suspectedFraudLibrary.vue
FN:178,(anonymous_1)
FN:238,(anonymous_2)
FN:241,(anonymous_3)
FN:248,(anonymous_4)
FN:260,(anonymous_5)
FN:273,(anonymous_6)
FN:275,(anonymous_7)
FN:286,(anonymous_8)
FN:305,(anonymous_9)
FN:309,(anonymous_10)
FN:312,(anonymous_11)
FN:319,(anonymous_12)
FN:326,(anonymous_13)
FN:339,(anonymous_14)
FN:345,(anonymous_15)
FN:358,(anonymous_16)
FN:364,(anonymous_17)
FN:377,(anonymous_18)
FN:383,(anonymous_19)
FN:392,(anonymous_20)
FN:398,(anonymous_21)
FN:410,(anonymous_22)
FN:427,(anonymous_23)
FN:433,(anonymous_24)
FN:444,(anonymous_25)
FN:451,(anonymous_26)
FN:456,(anonymous_27)
FN:461,(anonymous_28)
FN:479,(anonymous_29)
FN:494,(anonymous_30)
FN:512,(anonymous_31)
FNF:31
FNH:0
FNDA:0,(anonymous_1)
FNDA:0,(anonymous_2)
FNDA:0,(anonymous_3)
FNDA:0,(anonymous_4)
FNDA:0,(anonymous_5)
FNDA:0,(anonymous_6)
FNDA:0,(anonymous_7)
FNDA:0,(anonymous_8)
FNDA:0,(anonymous_9)
FNDA:0,(anonymous_10)
FNDA:0,(anonymous_11)
FNDA:0,(anonymous_12)
FNDA:0,(anonymous_13)
FNDA:0,(anonymous_14)
FNDA:0,(anonymous_15)
FNDA:0,(anonymous_16)
FNDA:0,(anonymous_17)
FNDA:0,(anonymous_18)
FNDA:0,(anonymous_19)
FNDA:0,(anonymous_20)
FNDA:0,(anonymous_21)
FNDA:0,(anonymous_22)
FNDA:0,(anonymous_23)
FNDA:0,(anonymous_24)
FNDA:0,(anonymous_25)
FNDA:0,(anonymous_26)
FNDA:0,(anonymous_27)
FNDA:0,(anonymous_28)
FNDA:0,(anonymous_29)
FNDA:0,(anonymous_30)
FNDA:0,(anonymous_31)
DA:167,0
DA:168,0
DA:169,0
DA:170,0
DA:171,0
DA:178,0
DA:239,0
DA:242,0
DA:249,0
DA:261,0
DA:263,0
DA:266,0
DA:274,0
DA:275,0
DA:276,0
DA:277,0
DA:279,0
DA:280,0
DA:283,0
DA:287,0
DA:288,0
DA:289,0
DA:290,0
DA:291,0
DA:292,0
DA:293,0
DA:294,0
DA:296,0
DA:306,0
DA:310,0
DA:313,0
DA:320,0
DA:323,0
DA:324,0
DA:325,0
DA:326,0
DA:327,0
DA:331,0
DA:340,0
DA:343,0
DA:344,0
DA:345,0
DA:346,0
DA:350,0
DA:359,0
DA:362,0
DA:363,0
DA:364,0
DA:365,0
DA:369,0
DA:378,0
DA:381,0
DA:382,0
DA:383,0
DA:384,0
DA:393,0
DA:396,0
DA:397,0
DA:398,0
DA:399,0
DA:403,0
DA:411,0
DA:412,0
DA:413,0
DA:414,0
DA:415,0
DA:416,0
DA:417,0
DA:418,0
DA:419,0
DA:421,0
DA:422,0
DA:423,0
DA:424,0
DA:427,0
DA:428,0
DA:430,0
DA:434,0
DA:435,0
DA:436,0
DA:438,0
DA:440,0
DA:441,0
DA:445,0
DA:446,0
DA:447,0
DA:448,0
DA:452,0
DA:453,0
DA:457,0
DA:458,0
DA:462,0
DA:469,0
DA:470,0
DA:471,0
DA:472,0
DA:473,0
DA:474,0
DA:475,0
DA:480,0
DA:481,0
DA:482,0
DA:490,0
DA:491,0
DA:495,0
DA:499,0
DA:500,0
DA:502,0
DA:507,0
DA:508,0
DA:513,0
DA:514,0
DA:515,0
DA:523,0
DA:524,0
LF:115
LH:0
BRDA:261,0,0,0
BRDA:261,0,1,0
BRDA:276,1,0,0
BRDA:276,1,1,0
BRDA:279,2,0,0
BRDA:279,2,1,0
BRDA:291,3,0,0
BRDA:291,3,1,0
BRDA:324,4,0,0
BRDA:324,4,1,0
BRDA:344,5,0,0
BRDA:344,5,1,0
BRDA:363,6,0,0
BRDA:363,6,1,0
BRDA:382,7,0,0
BRDA:382,7,1,0
BRDA:397,8,0,0
BRDA:397,8,1,0
BRDA:415,9,0,0
BRDA:415,9,1,0
BRDA:435,10,0,0
BRDA:435,10,1,0
BRDA:446,11,0,0
BRDA:446,11,1,0
BRDA:471,12,0,0
BRDA:471,12,1,0
BRDA:500,13,0,0
BRDA:500,13,1,0
BRF:28
BRH:0
end_of_record
TN:
SF:src/views/caseManagementCenter/views/caseReportDetail.vue
FN:492,(anonymous_1)
FN:508,(anonymous_2)
FN:529,(anonymous_4)
FN:537,(anonymous_5)
FN:541,(anonymous_6)
FN:588,(anonymous_7)
FN:593,(anonymous_8)
FN:597,(anonymous_9)
FN:629,(anonymous_10)
FN:633,(anonymous_11)
FNF:10
FNH:0
FNDA:0,(anonymous_1)
FNDA:0,(anonymous_2)
FNDA:0,(anonymous_4)
FNDA:0,(anonymous_5)
FNDA:0,(anonymous_6)
FNDA:0,(anonymous_7)
FNDA:0,(anonymous_8)
FNDA:0,(anonymous_9)
FNDA:0,(anonymous_10)
FNDA:0,(anonymous_11)
DA:484,0
DA:485,0
DA:486,0
DA:492,0
DA:508,0
DA:530,0
DA:531,0
DA:533,0
DA:538,0
DA:542,0
DA:543,0
DA:544,0
DA:545,0
DA:547,0
DA:548,0
DA:549,0
DA:550,0
DA:552,0
DA:583,0
DA:584,0
DA:589,0
DA:590,0
DA:594,0
DA:595,0
DA:598,0
DA:599,0
DA:600,0
DA:601,0
DA:602,0
DA:603,0
DA:604,0
DA:606,0
DA:607,0
DA:608,0
DA:610,0
DA:612,0
DA:613,0
DA:615,0
DA:617,0
DA:620,0
DA:622,0
DA:623,0
DA:624,0
DA:625,0
DA:630,0
DA:634,0
DA:635,0
DA:636,0
DA:637,0
DA:638,0
DA:639,0
DA:640,0
DA:641,0
DA:643,0
DA:644,0
DA:646,0
DA:647,0
DA:649,0
DA:650,0
DA:652,0
DA:653,0
DA:655,0
DA:656,0
LF:63
LH:0
BRDA:508,0,0,0
BRDA:508,0,1,0
BRDA:530,1,0,0
BRDA:530,1,1,0
BRDA:542,2,0,0
BRDA:542,2,1,0
BRDA:548,3,0,0
BRDA:548,3,1,0
BRDA:598,4,0,0
BRDA:598,4,1,0
BRDA:603,5,0,0
BRDA:603,5,1,0
BRDA:603,6,0,0
BRDA:603,6,1,0
BRDA:608,7,0,0
BRDA:608,7,1,0
BRDA:615,8,0,0
BRDA:615,8,1,0
BRDA:622,9,0,0
BRDA:622,9,1,0
BRDA:640,10,0,0
BRDA:640,10,1,0
BRDA:643,11,0,0
BRDA:643,11,1,0
BRDA:646,12,0,0
BRDA:646,12,1,0
BRDA:649,13,0,0
BRDA:649,13,1,0
BRDA:652,14,0,0
BRDA:652,14,1,0
BRF:30
BRH:0
end_of_record
TN:
SF:src/views/caseManagementCenter/views/caseReviewDesignate.vue
FN:182,(anonymous_1)
FN:202,(anonymous_2)
FN:203,(anonymous_3)
FN:228,(anonymous_5)
FN:237,(anonymous_6)
FN:239,(anonymous_7)
FN:250,(anonymous_8)
FN:261,(anonymous_9)
FN:278,(anonymous_10)
FN:285,(anonymous_11)
FN:294,(anonymous_12)
FN:300,(anonymous_13)
FN:309,(anonymous_14)
FN:315,(anonymous_15)
FN:324,(anonymous_16)
FN:330,(anonymous_17)
FN:339,(anonymous_18)
FN:345,(anonymous_19)
FN:354,(anonymous_20)
FN:382,(anonymous_21)
FN:400,(anonymous_22)
FN:404,(anonymous_23)
FN:440,(anonymous_24)
FNF:23
FNH:0
FNDA:0,(anonymous_1)
FNDA:0,(anonymous_2)
FNDA:0,(anonymous_3)
FNDA:0,(anonymous_5)
FNDA:0,(anonymous_6)
FNDA:0,(anonymous_7)
FNDA:0,(anonymous_8)
FNDA:0,(anonymous_9)
FNDA:0,(anonymous_10)
FNDA:0,(anonymous_11)
FNDA:0,(anonymous_12)
FNDA:0,(anonymous_13)
FNDA:0,(anonymous_14)
FNDA:0,(anonymous_15)
FNDA:0,(anonymous_16)
FNDA:0,(anonymous_17)
FNDA:0,(anonymous_18)
FNDA:0,(anonymous_19)
FNDA:0,(anonymous_20)
FNDA:0,(anonymous_21)
FNDA:0,(anonymous_22)
FNDA:0,(anonymous_23)
FNDA:0,(anonymous_24)
DA:178,0
DA:179,0
DA:182,0
DA:202,0
DA:203,0
DA:229,0
DA:230,0
DA:231,0
DA:233,0
DA:238,0
DA:239,0
DA:240,0
DA:241,0
DA:243,0
DA:244,0
DA:247,0
DA:251,0
DA:263,0
DA:264,0
DA:265,0
DA:266,0
DA:269,0
DA:270,0
DA:271,0
DA:273,0
DA:279,0
DA:282,0
DA:283,0
DA:284,0
DA:285,0
DA:286,0
DA:295,0
DA:298,0
DA:299,0
DA:300,0
DA:301,0
DA:310,0
DA:313,0
DA:314,0
DA:315,0
DA:316,0
DA:325,0
DA:328,0
DA:329,0
DA:330,0
DA:331,0
DA:340,0
DA:343,0
DA:344,0
DA:345,0
DA:346,0
DA:355,0
DA:356,0
DA:360,0
DA:361,0
DA:362,0
DA:363,0
DA:364,0
DA:365,0
DA:371,0
DA:372,0
DA:373,0
DA:383,0
DA:384,0
DA:388,0
DA:389,0
DA:390,0
DA:391,0
DA:392,0
DA:401,0
DA:405,0
DA:406,0
DA:407,0
DA:410,0
DA:411,0
DA:418,0
DA:419,0
DA:420,0
DA:421,0
DA:422,0
DA:426,0
DA:431,0
DA:432,0
DA:433,0
DA:434,0
DA:435,0
DA:442,0
DA:443,0
DA:445,0
DA:447,0
LF:90
LH:0
BRDA:202,0,0,0
BRDA:202,0,1,0
BRDA:203,1,0,0
BRDA:203,1,1,0
BRDA:240,2,0,0
BRDA:240,2,1,0
BRDA:243,3,0,0
BRDA:243,3,1,0
BRDA:263,4,0,0
BRDA:263,4,1,0
BRDA:269,5,0,0
BRDA:269,5,1,0
BRDA:271,6,0,0
BRDA:271,6,1,0
BRDA:283,7,0,0
BRDA:283,7,1,0
BRDA:299,8,0,0
BRDA:299,8,1,0
BRDA:314,9,0,0
BRDA:314,9,1,0
BRDA:329,10,0,0
BRDA:329,10,1,0
BRDA:344,11,0,0
BRDA:344,11,1,0
BRDA:363,12,0,0
BRDA:363,12,1,0
BRDA:371,13,0,0
BRDA:371,13,1,0
BRDA:390,14,0,0
BRDA:390,14,1,0
BRDA:410,15,0,0
BRDA:410,15,1,0
BRDA:419,16,0,0
BRDA:419,16,1,0
BRDA:432,17,0,0
BRDA:432,17,1,0
BRDA:442,18,0,0
BRDA:442,18,1,0
BRF:38
BRH:0
end_of_record
TN:
SF:src/views/caseManagementCenter/views/caseTaskDetail.vue
FN:527,(anonymous_1)
FN:568,(anonymous_2)
FN:592,(anonymous_4)
FN:600,(anonymous_5)
FN:621,(anonymous_6)
FN:635,(anonymous_7)
FN:652,(anonymous_8)
FN:666,(anonymous_9)
FN:670,(anonymous_10)
FN:677,(anonymous_11)
FN:679,(anonymous_12)
FN:692,(anonymous_13)
FN:699,(anonymous_14)
FN:707,(anonymous_15)
FN:719,(anonymous_16)
FN:723,(anonymous_17)
FN:741,(anonymous_18)
FN:745,(anonymous_19)
FN:750,(anonymous_20)
FN:769,(anonymous_21)
FN:833,(anonymous_22)
FN:848,(anonymous_23)
FN:863,(anonymous_24)
FN:889,(anonymous_25)
FN:897,(anonymous_26)
FN:905,(anonymous_27)
FN:911,(anonymous_28)
FNF:27
FNH:0
FNDA:0,(anonymous_1)
FNDA:0,(anonymous_2)
FNDA:0,(anonymous_4)
FNDA:0,(anonymous_5)
FNDA:0,(anonymous_6)
FNDA:0,(anonymous_7)
FNDA:0,(anonymous_8)
FNDA:0,(anonymous_9)
FNDA:0,(anonymous_10)
FNDA:0,(anonymous_11)
FNDA:0,(anonymous_12)
FNDA:0,(anonymous_13)
FNDA:0,(anonymous_14)
FNDA:0,(anonymous_15)
FNDA:0,(anonymous_16)
FNDA:0,(anonymous_17)
FNDA:0,(anonymous_18)
FNDA:0,(anonymous_19)
FNDA:0,(anonymous_20)
FNDA:0,(anonymous_21)
FNDA:0,(anonymous_22)
FNDA:0,(anonymous_23)
FNDA:0,(anonymous_24)
FNDA:0,(anonymous_25)
FNDA:0,(anonymous_26)
FNDA:0,(anonymous_27)
FNDA:0,(anonymous_28)
DA:518,0
DA:519,0
DA:520,0
DA:521,0
DA:528,0
DA:568,0
DA:593,0
DA:594,0
DA:595,0
DA:597,0
DA:601,0
DA:602,0
DA:603,0
DA:618,0
DA:622,0
DA:623,0
DA:624,0
DA:626,0
DA:632,0
DA:636,0
DA:637,0
DA:638,0
DA:640,0
DA:649,0
DA:653,0
DA:654,0
DA:655,0
DA:657,0
DA:663,0
DA:667,0
DA:671,0
DA:678,0
DA:679,0
DA:680,0
DA:681,0
DA:683,0
DA:684,0
DA:687,0
DA:693,0
DA:696,0
DA:697,0
DA:698,0
DA:699,0
DA:700,0
DA:708,0
DA:709,0
DA:710,0
DA:711,0
DA:713,0
DA:714,0
DA:715,0
DA:720,0
DA:721,0
DA:722,0
DA:723,0
DA:724,0
DA:725,0
DA:727,0
DA:728,0
DA:729,0
DA:730,0
DA:731,0
DA:732,0
DA:733,0
DA:734,0
DA:742,0
DA:746,0
DA:747,0
DA:751,0
DA:752,0
DA:756,0
DA:757,0
DA:758,0
DA:759,0
DA:760,0
DA:771,0
DA:772,0
DA:773,0
DA:774,0
DA:777,0
DA:779,0
DA:781,0
DA:782,0
DA:783,0
DA:785,0
DA:786,0
DA:788,0
DA:789,0
DA:791,0
DA:792,0
DA:794,0
DA:795,0
DA:797,0
DA:798,0
DA:800,0
DA:801,0
DA:803,0
DA:806,0
DA:816,0
DA:825,0
DA:826,0
DA:827,0
DA:828,0
DA:829,0
DA:835,0
DA:840,0
DA:841,0
DA:842,0
DA:843,0
DA:844,0
DA:849,0
DA:850,0
DA:851,0
DA:852,0
DA:853,0
DA:854,0
DA:855,0
DA:856,0
DA:857,0
DA:859,0
DA:860,0
DA:864,0
DA:870,0
DA:871,0
DA:873,0
DA:874,0
DA:875,0
DA:876,0
DA:877,0
DA:878,0
DA:879,0
DA:880,0
DA:883,0
DA:884,0
DA:886,0
DA:887,0
DA:888,0
DA:889,0
DA:890,0
DA:891,0
DA:894,0
DA:895,0
DA:896,0
DA:897,0
DA:898,0
DA:899,0
DA:902,0
DA:903,0
DA:904,0
DA:905,0
DA:906,0
DA:907,0
DA:911,0
DA:912,0
DA:913,0
DA:915,0
DA:920,0
DA:921,0
DA:924,0
LF:159
LH:0
BRDA:568,0,0,0
BRDA:568,0,1,0
BRDA:594,1,0,0
BRDA:594,1,1,0
BRDA:594,2,0,0
BRDA:594,2,1,0
BRDA:602,3,0,0
BRDA:602,3,1,0
BRDA:623,4,0,0
BRDA:623,4,1,0
BRDA:637,5,0,0
BRDA:637,5,1,0
BRDA:654,6,0,0
BRDA:654,6,1,0
BRDA:680,7,0,0
BRDA:680,7,1,0
BRDA:683,8,0,0
BRDA:683,8,1,0
BRDA:697,9,0,0
BRDA:697,9,1,0
BRDA:708,10,0,0
BRDA:708,10,1,0
BRDA:714,11,0,0
BRDA:714,11,1,0
BRDA:722,12,0,0
BRDA:722,12,1,0
BRDA:727,13,0,0
BRDA:727,13,1,0
BRDA:729,14,0,0
BRDA:729,14,1,0
BRDA:731,15,0,0
BRDA:731,15,1,0
BRDA:733,16,0,0
BRDA:733,16,1,0
BRDA:758,17,0,0
BRDA:758,17,1,0
BRDA:771,18,0,0
BRDA:771,18,1,0
BRDA:779,19,0,0
BRDA:779,19,1,0
BRDA:784,20,0,0
BRDA:784,20,1,0
BRDA:784,20,2,0
BRDA:784,20,3,0
BRDA:784,20,4,0
BRDA:784,20,5,0
BRDA:784,20,6,0
BRDA:826,21,0,0
BRDA:826,21,1,0
BRDA:841,22,0,0
BRDA:841,22,1,0
BRDA:849,23,0,0
BRDA:849,23,1,0
BRDA:852,24,0,0
BRDA:852,24,1,0
BRDA:855,25,0,0
BRDA:855,25,1,0
BRDA:873,26,0,0
BRDA:873,26,1,0
BRDA:875,27,0,0
BRDA:875,27,1,0
BRDA:877,28,0,0
BRDA:877,28,1,0
BRDA:879,29,0,0
BRDA:879,29,1,0
BRDA:883,30,0,0
BRDA:883,30,1,0
BRDA:886,31,0,0
BRDA:886,31,1,0
BRDA:890,32,0,0
BRDA:890,32,1,0
BRDA:894,33,0,0
BRDA:894,33,1,0
BRDA:898,34,0,0
BRDA:898,34,1,0
BRDA:902,35,0,0
BRDA:902,35,1,0
BRDA:906,36,0,0
BRDA:906,36,1,0
BRDA:912,37,0,0
BRDA:912,37,1,0
BRDA:920,38,0,0
BRDA:920,38,1,0
BRF:83
BRH:0
end_of_record
TN:
SF:src/views/configurationManagement/blackListStrategyConfig.vue
FN:355,(anonymous_1)
FN:392,(anonymous_2)
FN:396,(anonymous_4)
FN:424,(anonymous_5)
FN:431,(anonymous_6)
FN:434,(anonymous_7)
FN:440,(anonymous_8)
FN:450,(anonymous_9)
FN:458,(anonymous_10)
FN:463,(anonymous_11)
FN:478,(anonymous_12)
FN:485,(anonymous_13)
FN:493,(anonymous_14)
FN:496,(anonymous_15)
FN:500,(anonymous_16)
FN:506,(anonymous_17)
FN:514,(anonymous_18)
FN:519,(anonymous_19)
FN:524,(anonymous_20)
FN:538,(anonymous_21)
FN:555,(anonymous_22)
FN:559,(anonymous_24)
FN:568,(anonymous_25)
FN:580,(anonymous_26)
FN:591,(anonymous_27)
FN:612,(anonymous_28)
FN:617,(anonymous_29)
FN:643,(anonymous_30)
FN:647,(anonymous_32)
FN:656,(anonymous_33)
FN:668,(anonymous_34)
FN:682,(anonymous_35)
FN:692,(anonymous_36)
FN:701,(anonymous_37)
FN:710,(anonymous_38)
FN:716,(anonymous_39)
FN:730,(anonymous_40)
FNF:37
FNH:0
FNDA:0,(anonymous_1)
FNDA:0,(anonymous_2)
FNDA:0,(anonymous_4)
FNDA:0,(anonymous_5)
FNDA:0,(anonymous_6)
FNDA:0,(anonymous_7)
FNDA:0,(anonymous_8)
FNDA:0,(anonymous_9)
FNDA:0,(anonymous_10)
FNDA:0,(anonymous_11)
FNDA:0,(anonymous_12)
FNDA:0,(anonymous_13)
FNDA:0,(anonymous_14)
FNDA:0,(anonymous_15)
FNDA:0,(anonymous_16)
FNDA:0,(anonymous_17)
FNDA:0,(anonymous_18)
FNDA:0,(anonymous_19)
FNDA:0,(anonymous_20)
FNDA:0,(anonymous_21)
FNDA:0,(anonymous_22)
FNDA:0,(anonymous_24)
FNDA:0,(anonymous_25)
FNDA:0,(anonymous_26)
FNDA:0,(anonymous_27)
FNDA:0,(anonymous_28)
FNDA:0,(anonymous_29)
FNDA:0,(anonymous_30)
FNDA:0,(anonymous_32)
FNDA:0,(anonymous_33)
FNDA:0,(anonymous_34)
FNDA:0,(anonymous_35)
FNDA:0,(anonymous_36)
FNDA:0,(anonymous_37)
FNDA:0,(anonymous_38)
FNDA:0,(anonymous_39)
FNDA:0,(anonymous_40)
DA:346,0
DA:347,0
DA:348,0
DA:355,0
DA:392,0
DA:396,0
DA:425,0
DA:432,0
DA:435,0
DA:441,0
DA:443,0
DA:446,0
DA:451,0
DA:452,0
DA:459,0
DA:464,0
DA:465,0
DA:466,0
DA:467,0
DA:468,0
DA:479,0
DA:480,0
DA:483,0
DA:484,0
DA:485,0
DA:486,0
DA:494,0
DA:497,0
DA:501,0
DA:502,0
DA:503,0
DA:507,0
DA:510,0
DA:511,0
DA:515,0
DA:516,0
DA:520,0
DA:521,0
DA:525,0
DA:529,0
DA:530,0
DA:531,0
DA:532,0
DA:533,0
DA:534,0
DA:539,0
DA:540,0
DA:541,0
DA:542,0
DA:544,0
DA:550,0
DA:555,0
DA:559,0
DA:568,0
DA:580,0
DA:588,0
DA:592,0
DA:598,0
DA:599,0
DA:602,0
DA:603,0
DA:605,0
DA:606,0
DA:608,0
DA:609,0
DA:613,0
DA:614,0
DA:618,0
DA:619,0
DA:621,0
DA:622,0
DA:624,0
DA:625,0
DA:626,0
DA:627,0
DA:629,0
DA:630,0
DA:632,0
DA:638,0
DA:643,0
DA:647,0
DA:656,0
DA:668,0
DA:676,0
DA:679,0
DA:683,0
DA:684,0
DA:685,0
DA:686,0
DA:687,0
DA:689,0
DA:693,0
DA:694,0
DA:695,0
DA:696,0
DA:697,0
DA:699,0
DA:702,0
DA:703,0
DA:704,0
DA:705,0
DA:711,0
DA:712,0
DA:713,0
DA:717,0
DA:720,0
DA:721,0
DA:722,0
DA:723,0
DA:724,0
DA:726,0
DA:727,0
DA:731,0
DA:732,0
DA:737,0
LF:115
LH:0
BRDA:392,0,0,0
BRDA:392,0,1,0
BRDA:396,1,0,0
BRDA:396,1,1,0
BRDA:396,1,2,0
BRDA:426,2,0,0
BRDA:426,2,1,0
BRDA:427,3,0,0
BRDA:427,3,1,0
BRDA:441,4,0,0
BRDA:441,4,1,0
BRDA:484,5,0,0
BRDA:484,5,1,0
BRDA:531,6,0,0
BRDA:531,6,1,0
BRDA:541,7,0,0
BRDA:541,7,1,0
BRDA:555,8,0,0
BRDA:555,8,1,0
BRDA:559,9,0,0
BRDA:559,9,1,0
BRDA:559,9,2,0
BRDA:568,10,0,0
BRDA:568,10,1,0
BRDA:580,11,0,0
BRDA:580,11,1,0
BRDA:598,12,0,0
BRDA:598,12,1,0
BRDA:598,13,0,0
BRDA:598,13,1,0
BRDA:602,14,0,0
BRDA:602,14,1,0
BRDA:618,15,0,0
BRDA:618,15,1,0
BRDA:624,16,0,0
BRDA:624,16,1,0
BRDA:643,17,0,0
BRDA:643,17,1,0
BRDA:647,18,0,0
BRDA:647,18,1,0
BRDA:647,18,2,0
BRDA:656,19,0,0
BRDA:656,19,1,0
BRDA:668,20,0,0
BRDA:668,20,1,0
BRDA:684,21,0,0
BRDA:684,21,1,0
BRDA:694,22,0,0
BRDA:694,22,1,0
BRDA:702,23,0,0
BRDA:702,23,1,0
BRDA:704,24,0,0
BRDA:704,24,1,0
BRDA:721,25,0,0
BRDA:721,25,1,0
BRDA:737,26,0,0
BRDA:737,26,1,0
BRF:57
BRH:0
end_of_record
TN:
SF:src/views/configurationManagement/interfaceConfiguration.vue
FN:135,(anonymous_1)
FN:188,(anonymous_2)
FN:191,(anonymous_3)
FN:196,(anonymous_4)
FN:199,(anonymous_5)
FN:203,(anonymous_6)
FN:210,(anonymous_7)
FN:220,(anonymous_8)
FN:224,(anonymous_9)
FN:227,(anonymous_10)
FN:230,(anonymous_11)
FN:234,(anonymous_12)
FN:251,(anonymous_13)
FN:256,(anonymous_14)
FN:282,(anonymous_15)
FN:296,(anonymous_16)
FN:305,(anonymous_18)
FN:314,(anonymous_20)
FN:323,(anonymous_22)
FN:349,(anonymous_23)
FN:362,(anonymous_24)
FN:371,(anonymous_26)
FN:380,(anonymous_28)
FN:388,(anonymous_30)
FN:411,(anonymous_31)
FN:427,(anonymous_32)
FN:431,(anonymous_33)
FN:439,(anonymous_34)
FN:446,(anonymous_35)
FN:452,(anonymous_36)
FN:477,(anonymous_37)
FN:482,(anonymous_38)
FNF:32
FNH:0
FNDA:0,(anonymous_1)
FNDA:0,(anonymous_2)
FNDA:0,(anonymous_3)
FNDA:0,(anonymous_4)
FNDA:0,(anonymous_5)
FNDA:0,(anonymous_6)
FNDA:0,(anonymous_7)
FNDA:0,(anonymous_8)
FNDA:0,(anonymous_9)
FNDA:0,(anonymous_10)
FNDA:0,(anonymous_11)
FNDA:0,(anonymous_12)
FNDA:0,(anonymous_13)
FNDA:0,(anonymous_14)
FNDA:0,(anonymous_15)
FNDA:0,(anonymous_16)
FNDA:0,(anonymous_18)
FNDA:0,(anonymous_20)
FNDA:0,(anonymous_22)
FNDA:0,(anonymous_23)
FNDA:0,(anonymous_24)
FNDA:0,(anonymous_26)
FNDA:0,(anonymous_28)
FNDA:0,(anonymous_30)
FNDA:0,(anonymous_31)
FNDA:0,(anonymous_32)
FNDA:0,(anonymous_33)
FNDA:0,(anonymous_34)
FNDA:0,(anonymous_35)
FNDA:0,(anonymous_36)
FNDA:0,(anonymous_37)
FNDA:0,(anonymous_38)
DA:119,0
DA:125,0
DA:126,0
DA:127,0
DA:128,0
DA:136,0
DA:189,0
DA:192,0
DA:197,0
DA:200,0
DA:204,0
DA:205,0
DA:207,0
DA:211,0
DA:213,0
DA:216,0
DA:221,0
DA:225,0
DA:228,0
DA:231,0
DA:235,0
DA:238,0
DA:239,0
DA:240,0
DA:241,0
DA:242,0
DA:243,0
DA:244,0
DA:246,0
DA:252,0
DA:253,0
DA:258,0
DA:259,0
DA:260,0
DA:262,0
DA:263,0
DA:264,0
DA:266,0
DA:267,0
DA:268,0
DA:270,0
DA:271,0
DA:272,0
DA:273,0
DA:274,0
DA:275,0
DA:277,0
DA:284,0
DA:285,0
DA:286,0
DA:291,0
DA:296,0
DA:305,0
DA:314,0
DA:320,0
DA:325,0
DA:326,0
DA:327,0
DA:329,0
DA:330,0
DA:331,0
DA:333,0
DA:334,0
DA:335,0
DA:337,0
DA:338,0
DA:339,0
DA:340,0
DA:341,0
DA:342,0
DA:344,0
DA:350,0
DA:351,0
DA:352,0
DA:357,0
DA:362,0
DA:371,0
DA:380,0
DA:392,0
DA:393,0
DA:394,0
DA:399,0
DA:401,0
DA:407,0
DA:412,0
DA:413,0
DA:419,0
DA:428,0
DA:432,0
DA:436,0
DA:440,0
DA:447,0
DA:448,0
DA:449,0
DA:453,0
[...]
FNDA:0,(anonymous_35)
FNDA:0,(anonymous_36)
FNDA:0,(anonymous_37)
FNDA:0,(anonymous_38)
DA:444,0
DA:445,0
DA:446,0
DA:447,0
DA:448,0
DA:449,0
DA:458,0
DA:459,0
DA:462,0
DA:466,0
DA:468,0
DA:470,0
DA:473,0
DA:579,0
DA:580,0
DA:581,0
DA:582,0
DA:583,0
DA:584,0
DA:585,0
DA:586,0
DA:587,0
DA:593,0
DA:596,0
DA:600,0
DA:605,0
DA:606,0
DA:607,0
DA:608,0
DA:609,0
DA:613,0
DA:614,0
DA:617,0
DA:618,0
DA:621,0
DA:622,0
DA:623,0
DA:624,0
DA:627,0
DA:628,0
DA:629,0
DA:630,0
DA:631,0
DA:632,0
DA:633,0
DA:635,0
DA:640,0
DA:641,0
DA:642,0
DA:643,0
DA:644,0
DA:645,0
DA:646,0
DA:647,0
DA:648,0
DA:653,0
DA:654,0
DA:657,0
DA:658,0
DA:660,0
DA:661,0
DA:662,0
DA:663,0
DA:664,0
DA:666,0
DA:667,0
DA:670,0
DA:671,0
DA:674,0
DA:675,0
DA:676,0
DA:677,0
DA:678,0
DA:679,0
DA:680,0
DA:681,0
DA:683,0
DA:684,0
DA:686,0
DA:687,0
DA:688,0
DA:690,0
DA:695,0
DA:698,0
DA:730,0
DA:731,0
DA:732,0
DA:736,0
DA:737,0
DA:739,0
DA:743,0
DA:744,0
DA:745,0
DA:746,0
DA:747,0
DA:751,0
DA:753,0
DA:754,0
DA:755,0
DA:757,0
DA:763,0
DA:764,0
DA:767,0
DA:768,0
DA:770,0
DA:773,0
DA:774,0
DA:778,0
DA:779,0
DA:781,0
DA:782,0
DA:786,0
DA:787,0
DA:788,0
DA:790,0
DA:791,0
DA:792,0
DA:793,0
DA:794,0
DA:796,0
DA:798,0
DA:799,0
DA:800,0
DA:804,0
DA:805,0
DA:806,0
DA:810,0
DA:814,0
DA:816,0
DA:822,0
DA:825,0
DA:826,0
DA:827,0
DA:828,0
DA:829,0
DA:833,0
DA:834,0
DA:835,0
DA:836,0
DA:837,0
DA:843,0
DA:846,0
DA:850,0
DA:851,0
DA:852,0
DA:854,0
DA:855,0
DA:857,0
DA:858,0
DA:860,0
DA:861,0
DA:863,0
DA:864,0
DA:866,0
DA:869,0
DA:870,0
DA:871,0
DA:872,0
DA:873,0
DA:874,0
DA:875,0
DA:877,0
DA:878,0
DA:880,0
DA:885,0
DA:886,0
DA:887,0
DA:888,0
DA:889,0
DA:890,0
DA:891,0
DA:892,0
DA:894,0
DA:895,0
DA:897,0
DA:898,0
DA:900,0
DA:901,0
DA:903,0
DA:904,0
DA:906,0
DA:909,0
DA:914,0
DA:919,0
DA:921,0
DA:924,0
LF:186
LH:0
BRDA:580,0,0,0
BRDA:580,0,1,0
BRDA:582,1,0,0
BRDA:582,1,1,0
BRDA:599,2,0,0
BRDA:628,3,0,0
BRDA:628,3,1,0
BRDA:631,4,0,0
BRDA:631,4,1,0
BRDA:657,5,0,0
BRDA:657,5,1,0
BRDA:680,6,0,0
BRDA:680,6,1,0
BRDA:683,7,0,0
BRDA:683,7,1,0
BRDA:686,8,0,0
BRDA:686,8,1,0
BRDA:736,9,0,0
BRDA:736,9,1,0
BRDA:751,10,0,0
BRDA:751,10,1,0
BRDA:754,11,0,0
BRDA:754,11,1,0
BRDA:778,12,0,0
BRDA:778,12,1,0
BRDA:814,13,0,0
BRDA:814,13,1,0
BRDA:827,14,0,0
BRDA:827,14,1,0
BRDA:851,15,0,0
BRDA:851,15,1,0
BRDA:854,16,0,0
BRDA:854,16,1,0
BRDA:857,17,0,0
BRDA:857,17,1,0
BRDA:860,18,0,0
BRDA:860,18,1,0
BRDA:863,19,0,0
BRDA:863,19,1,0
BRDA:870,20,0,0
BRDA:870,20,1,0
BRDA:886,21,0,0
BRDA:886,21,1,0
BRDA:891,22,0,0
BRDA:891,22,1,0
BRDA:894,23,0,0
BRDA:894,23,1,0
BRDA:897,24,0,0
BRDA:897,24,1,0
BRDA:900,25,0,0
BRDA:900,25,1,0
BRDA:903,26,0,0
BRDA:903,26,1,0
BRDA:914,27,0,0
BRDA:914,27,1,0
BRDA:919,28,0,0
BRDA:919,28,1,0
BRF:57
BRH:0
end_of_record
TN:
SF:src/views/tempManagement/calcIndexTempLib.vue
FN:392,(anonymous_1)
FN:522,(anonymous_2)
FN:524,(anonymous_3)
FN:534,(anonymous_4)
FN:537,(anonymous_5)
FN:548,(anonymous_6)
FN:552,(anonymous_7)
FN:556,(anonymous_8)
FN:565,(anonymous_9)
FN:566,(anonymous_10)
FN:575,(anonymous_11)
FN:581,(anonymous_12)
FN:588,(anonymous_13)
FN:592,(anonymous_14)
FN:604,(anonymous_15)
FN:610,(anonymous_16)
FN:615,(anonymous_17)
FN:635,(anonymous_18)
FN:636,(anonymous_19)
FN:649,(anonymous_20)
FN:662,(anonymous_21)
FN:672,(anonymous_24)
FN:687,(anonymous_25)
FN:697,(anonymous_28)
FN:711,(anonymous_29)
FN:726,(anonymous_32)
FN:731,(anonymous_33)
FN:755,(anonymous_34)
FN:756,(anonymous_35)
FN:769,(anonymous_36)
FN:776,(anonymous_37)
FN:777,(anonymous_38)
FN:790,(anonymous_39)
FN:797,(anonymous_40)
FN:798,(anonymous_41)
FN:811,(anonymous_42)
FN:818,(anonymous_43)
FN:824,(anonymous_44)
FN:828,(anonymous_45)
FN:840,(anonymous_46)
FN:846,(anonymous_47)
FN:851,(anonymous_48)
FN:863,(anonymous_49)
FN:870,(anonymous_50)
FN:876,(anonymous_51)
FN:880,(anonymous_52)
FN:890,(anonymous_53)
FN:901,(anonymous_54)
FN:904,(anonymous_55)
FN:906,(anonymous_56)
FN:924,(anonymous_57)
FN:925,(anonymous_58)
FN:936,(anonymous_59)
FN:942,(anonymous_60)
FN:947,(anonymous_61)
FN:950,(anonymous_62)
FN:960,(anonymous_63)
FN:965,(anonymous_64)
FN:977,(anonymous_65)
FN:984,(anonymous_66)
FN:1016,(anonymous_67)
FN:1017,(anonymous_68)
FN:1027,(anonymous_69)
FN:1037,(anonymous_70)
FN:1038,(anonymous_71)
FN:1050,(anonymous_72)
FN:1057,(anonymous_73)
FN:1073,(anonymous_74)
FN:1078,(anonymous_75)
FN:1083,(anonymous_76)
FN:1086,(anonymous_77)
FNF:71
FNH:0
FNDA:0,(anonymous_1)
FNDA:0,(anonymous_2)
FNDA:0,(anonymous_3)
FNDA:0,(anonymous_4)
FNDA:0,(anonymous_5)
FNDA:0,(anonymous_6)
FNDA:0,(anonymous_7)
FNDA:0,(anonymous_8)
FNDA:0,(anonymous_9)
FNDA:0,(anonymous_10)
FNDA:0,(anonymous_11)
FNDA:0,(anonymous_12)
FNDA:0,(anonymous_13)
FNDA:0,(anonymous_14)
FNDA:0,(anonymous_15)
FNDA:0,(anonymous_16)
FNDA:0,(anonymous_17)
FNDA:0,(anonymous_18)
FNDA:0,(anonymous_19)
FNDA:0,(anonymous_20)
FNDA:0,(anonymous_21)
FNDA:0,(anonymous_24)
FNDA:0,(anonymous_25)
FNDA:0,(anonymous_28)
FNDA:0,(anonymous_29)
FNDA:0,(anonymous_32)
FNDA:0,(anonymous_33)
FNDA:0,(anonymous_34)
FNDA:0,(anonymous_35)
FNDA:0,(anonymous_36)
FNDA:0,(anonymous_37)
FNDA:0,(anonymous_38)
FNDA:0,(anonymous_39)
FNDA:0,(anonymous_40)
FNDA:0,(anonymous_41)
FNDA:0,(anonymous_42)
FNDA:0,(anonymous_43)
FNDA:0,(anonymous_44)
FNDA:0,(anonymous_45)
FNDA:0,(anonymous_46)
FNDA:0,(anonymous_47)
FNDA:0,(anonymous_48)
FNDA:0,(anonymous_49)
FNDA:0,(anonymous_50)
FNDA:0,(anonymous_51)
FNDA:0,(anonymous_52)
FNDA:0,(anonymous_53)
FNDA:0,(anonymous_54)
FNDA:0,(anonymous_55)
FNDA:0,(anonymous_56)
FNDA:0,(anonymous_57)
FNDA:0,(anonymous_58)
FNDA:0,(anonymous_59)
FNDA:0,(anonymous_60)
FNDA:0,(anonymous_61)
FNDA:0,(anonymous_62)
FNDA:0,(anonymous_63)
FNDA:0,(anonymous_64)
FNDA:0,(anonymous_65)
FNDA:0,(anonymous_66)
FNDA:0,(anonymous_67)
FNDA:0,(anonymous_68)
FNDA:0,(anonymous_69)
FNDA:0,(anonymous_70)
FNDA:0,(anonymous_71)
FNDA:0,(anonymous_72)
FNDA:0,(anonymous_73)
FNDA:0,(anonymous_74)
FNDA:0,(anonymous_75)
FNDA:0,(anonymous_76)
FNDA:0,(anonymous_77)
DA:386,0
DA:387,0
DA:388,0
DA:389,0
DA:390,0
DA:393,0
DA:524,0
DA:525,0
DA:526,0
DA:529,0
DA:535,0
DA:538,0
DA:549,0
DA:553,0
DA:557,0
DA:558,0
DA:559,0
DA:561,0
DA:562,0
DA:566,0
DA:567,0
DA:568,0
DA:569,0
DA:570,0
DA:576,0
DA:581,0
DA:582,0
DA:583,0
DA:584,0
DA:589,0
DA:592,0
DA:593,0
DA:594,0
DA:595,0
DA:596,0
DA:597,0
DA:598,0
DA:600,0
DA:601,0
DA:602,0
DA:605,0
DA:606,0
DA:607,0
DA:611,0
DA:615,0
DA:616,0
DA:617,0
DA:618,0
DA:633,0
DA:634,0
DA:635,0
DA:636,0
DA:637,0
DA:638,0
DA:639,0
DA:640,0
DA:641,0
DA:650,0
DA:651,0
DA:656,0
DA:662,0
DA:669,0
DA:673,0
DA:674,0
DA:675,0
DA:676,0
DA:681,0
DA:687,0
DA:694,0
DA:698,0
DA:699,0
DA:700,0
DA:705,0
DA:711,0
DA:727,0
DA:728,0
DA:732,0
DA:733,0
DA:734,0
DA:737,0
DA:738,0
DA:739,0
DA:744,0
DA:746,0
DA:751,0
DA:756,0
DA:757,0
DA:758,0
DA:759,0
DA:760,0
DA:761,0
DA:762,0
DA:763,0
DA:765,0
DA:766,0
DA:767,0
DA:770,0
DA:771,0
DA:772,0
DA:777,0
DA:778,0
DA:779,0
DA:780,0
DA:781,0
DA:782,0
DA:783,0
DA:784,0
DA:786,0
DA:787,0
DA:788,0
DA:791,0
DA:792,0
DA:793,0
DA:798,0
DA:799,0
DA:800,0
DA:801,0
DA:802,0
DA:803,0
DA:804,0
DA:805,0
DA:807,0
DA:808,0
DA:809,0
DA:812,0
DA:813,0
DA:814,0
DA:819,0
DA:820,0
DA:821,0
DA:825,0
DA:828,0
DA:829,0
DA:830,0
DA:831,0
DA:832,0
DA:833,0
DA:834,0
DA:836,0
DA:837,0
DA:838,0
DA:841,0
DA:842,0
DA:843,0
DA:847,0
DA:851,0
DA:852,0
DA:853,0
DA:854,0
DA:855,0
DA:856,0
DA:857,0
DA:859,0
DA:860,0
DA:861,0
DA:864,0
DA:865,0
DA:866,0
DA:871,0
DA:872,0
DA:873,0
DA:877,0
DA:881,0
DA:882,0
DA:883,0
DA:884,0
DA:886,0
DA:891,0
DA:892,0
DA:893,0
DA:898,0
DA:902,0
DA:905,0
DA:906,0
DA:907,0
DA:918,0
DA:921,0
DA:925,0
DA:926,0
DA:927,0
DA:928,0
DA:929,0
DA:930,0
DA:932,0
DA:933,0
DA:934,0
DA:937,0
DA:938,0
DA:939,0
DA:943,0
DA:944,0
DA:945,0
DA:948,0
DA:951,0
DA:952,0
DA:953,0
DA:955,0
DA:956,0
DA:961,0
DA:965,0
DA:966,0
DA:967,0
DA:968,0
DA:969,0
DA:970,0
DA:971,0
DA:973,0
DA:974,0
DA:975,0
DA:978,0
DA:979,0
DA:980,0
DA:981,0
DA:985,0
DA:986,0
DA:1001,0
DA:1017,0
DA:1018,0
DA:1019,0
DA:1020,0
DA:1021,0
DA:1022,0
DA:1028,0
DA:1034,0
DA:1038,0
DA:1039,0
DA:1040,0
DA:1041,0
DA:1042,0
DA:1043,0
DA:1044,0
DA:1046,0
DA:1047,0
DA:1048,0
DA:1051,0
DA:1052,0
DA:1053,0
DA:1054,0
DA:1058,0
DA:1059,0
DA:1065,0
DA:1074,0
DA:1075,0
DA:1079,0
DA:1080,0
DA:1084,0
DA:1087,0
LF:247
LH:0
BRDA:525,0,0,0
BRDA:525,0,1,0
BRDA:568,1,0,0
BRDA:568,1,1,0
BRDA:596,2,0,0
BRDA:596,2,1,0
BRDA:617,3,0,0
BRDA:617,3,1,0
BRDA:633,4,0,0
BRDA:633,4,1,0
BRDA:637,5,0,0
BRDA:637,5,1,0
BRDA:662,6,0,0
BRDA:662,6,1,0
BRDA:662,7,0,0
BRDA:662,7,1,0
BRDA:662,7,2,0
BRDA:687,8,0,0
BRDA:687,8,1,0
BRDA:687,9,0,0
BRDA:687,9,1,0
BRDA:687,9,2,0
BRDA:711,10,0,0
BRDA:711,10,1,0
BRDA:711,11,0,0
BRDA:711,11,1,0
BRDA:711,11,2,0
BRDA:733,12,0,0
BRDA:733,12,1,0
BRDA:738,13,0,0
BRDA:738,13,1,0
BRDA:758,14,0,0
BRDA:758,14,1,0
BRDA:779,15,0,0
BRDA:779,15,1,0
BRDA:800,16,0,0
BRDA:800,16,1,0
BRDA:829,17,0,0
BRDA:829,17,1,0
BRDA:852,18,0,0
BRDA:852,18,1,0
BRDA:881,19,0,0
BRDA:881,19,1,0
BRDA:883,20,0,0
BRDA:883,20,1,0
BRDA:926,21,0,0
BRDA:926,21,1,0
BRDA:952,22,0,0
BRDA:952,22,1,0
BRDA:967,23,0,0
BRDA:967,23,1,0
BRDA:985,24,0,0
BRDA:985,24,1,0
BRDA:1018,25,0,0
BRDA:1018,25,1,0
BRDA:1040,26,0,0
BRDA:1040,26,1,0
BRDA:1058,27,0,0
BRDA:1058,27,1,0
BRF:59
BRH:0
end_of_record
TN:
SF:src/views/tempManagement/ruleTempLib.vue
FN:390,(anonymous_1)
FN:519,(anonymous_2)
FN:521,(anonymous_3)
FN:531,(anonymous_4)
FN:534,(anonymous_5)
FN:544,(anonymous_6)
FN:549,(anonymous_7)
FN:553,(anonymous_8)
FN:562,(anonymous_9)
FN:563,(anonymous_10)
FN:573,(anonymous_11)
FN:579,(anonymous_12)
FN:586,(anonymous_13)
FN:590,(anonymous_14)
FN:595,(anonymous_15)
FN:596,(anonymous_16)
FN:607,(anonymous_17)
FN:613,(anonymous_18)
FN:618,(anonymous_19)
FN:652,(anonymous_20)
FN:665,(anonymous_21)
FN:675,(anonymous_24)
FN:690,(anonymous_25)
FN:700,(anonymous_28)
FN:714,(anonymous_29)
FN:729,(anonymous_32)
FN:734,(anonymous_33)
FN:758,(anonymous_34)
FN:759,(anonymous_35)
FN:772,(anonymous_36)
FN:779,(anonymous_37)
FN:780,(anonymous_38)
FN:793,(anonymous_39)
FN:800,(anonymous_40)
FN:801,(anonymous_41)
FN:814,(anonymous_42)
FN:821,(anonymous_43)
FN:827,(anonymous_44)
FN:831,(anonymous_45)
FN:844,(anonymous_46)
FN:851,(anonymous_47)
FN:855,(anonymous_48)
FN:867,(anonymous_49)
FN:874,(anonymous_50)
FN:880,(anonymous_51)
FN:884,(anonymous_52)
FN:894,(anonymous_53)
FN:900,(anonymous_54)
FN:904,(anonymous_55)
FN:906,(anonymous_56)
FN:921,(anonymous_57)
FN:922,(anonymous_58)
FN:933,(anonymous_59)
FN:940,(anonymous_60)
FN:946,(anonymous_61)
FN:959,(anonymous_62)
FN:969,(anonymous_63)
FN:974,(anonymous_64)
FN:986,(anonymous_65)
FN:993,(anonymous_66)
FN:1022,(anonymous_67)
FN:1023,(anonymous_68)
FN:1030,(anonymous_69)
FN:1040,(anonymous_70)
FN:1041,(anonymous_71)
FN:1053,(anonymous_72)
FN:1061,(anonymous_73)
FN:1077,(anonymous_74)
FN:1082,(anonymous_75)
FN:1087,(anonymous_76)
FN:1090,(anonymous_77)
FNF:71
FNH:0
FNDA:0,(anonymous_1)
FNDA:0,(anonymous_2)
FNDA:0,(anonymous_3)
FNDA:0,(anonymous_4)
FNDA:0,(anonymous_5)
FNDA:0,(anonymous_6)
FNDA:0,(anonymous_7)
FNDA:0,(anonymous_8)
FNDA:0,(anonymous_9)
FNDA:0,(anonymous_10)
FNDA:0,(anonymous_11)
FNDA:0,(anonymous_12)
FNDA:0,(anonymous_13)
FNDA:0,(anonymous_14)
FNDA:0,(anonymous_15)
FNDA:0,(anonymous_16)
FNDA:0,(anonymous_17)
FNDA:0,(anonymous_18)
FNDA:0,(anonymous_19)
FNDA:0,(anonymous_20)
FNDA:0,(anonymous_21)
FNDA:0,(anonymous_24)
FNDA:0,(anonymous_25)
FNDA:0,(anonymous_28)
FNDA:0,(anonymous_29)
FNDA:0,(anonymous_32)
FNDA:0,(anonymous_33)
FNDA:0,(anonymous_34)
FNDA:0,(anonymous_35)
FNDA:0,(anonymous_36)
FNDA:0,(anonymous_37)
FNDA:0,(anonymous_38)
FNDA:0,(anonymous_39)
FNDA:0,(anonymous_40)
FNDA:0,(anonymous_41)
FNDA:0,(anonymous_42)
FNDA:0,(anonymous_43)
FNDA:0,(anonymous_44)
FNDA:0,(anonymous_45)
FNDA:0,(anonymous_46)
FNDA:0,(anonymous_47)
FNDA:0,(anonymous_48)
FNDA:0,(anonymous_49)
FNDA:0,(anonymous_50)
FNDA:0,(anonymous_51)
FNDA:0,(anonymous_52)
FNDA:0,(anonymous_53)
FNDA:0,(anonymous_54)
FNDA:0,(anonymous_55)
FNDA:0,(anonymous_56)
FNDA:0,(anonymous_57)
FNDA:0,(anonymous_58)
FNDA:0,(anonymous_59)
FNDA:0,(anonymous_60)
FNDA:0,(anonymous_61)
FNDA:0,(anonymous_62)
FNDA:0,(anonymous_63)
FNDA:0,(anonymous_64)
FNDA:0,(anonymous_65)
FNDA:0,(anonymous_66)
FNDA:0,(anonymous_67)
FNDA:0,(anonymous_68)
FNDA:0,(anonymous_69)
FNDA:0,(anonymous_70)
FNDA:0,(anonymous_71)
FNDA:0,(anonymous_72)
FNDA:0,(anonymous_73)
FNDA:0,(anonymous_74)
FNDA:0,(anonymous_75)
FNDA:0,(anonymous_76)
FNDA:0,(anonymous_77)
DA:384,0
DA:385,0
DA:386,0
DA:387,0
DA:388,0
DA:391,0
DA:521,0
DA:522,0
DA:523,0
DA:526,0
DA:532,0
DA:535,0
DA:545,0
DA:546,0
DA:550,0
DA:554,0
DA:555,0
DA:556,0
DA:558,0
DA:559,0
DA:563,0
DA:564,0
DA:565,0
DA:566,0
DA:567,0
DA:568,0
DA:574,0
DA:579,0
DA:580,0
DA:581,0
DA:582,0
DA:587,0
DA:590,0
DA:591,0
DA:592,0
DA:593,0
DA:594,0
DA:595,0
DA:596,0
DA:597,0
DA:598,0
DA:603,0
DA:604,0
DA:605,0
DA:608,0
DA:609,0
DA:610,0
DA:614,0
DA:618,0
DA:619,0
DA:653,0
DA:654,0
DA:659,0
DA:665,0
DA:672,0
DA:676,0
DA:677,0
DA:678,0
DA:679,0
DA:684,0
DA:690,0
DA:697,0
DA:701,0
DA:702,0
DA:703,0
DA:708,0
DA:714,0
DA:730,0
DA:731,0
DA:735,0
DA:737,0
DA:738,0
DA:741,0
DA:742,0
DA:743,0
DA:747,0
DA:749,0
DA:754,0
DA:759,0
DA:760,0
DA:761,0
DA:762,0
DA:763,0
DA:764,0
DA:765,0
DA:766,0
DA:768,0
DA:769,0
DA:770,0
DA:773,0
DA:774,0
DA:775,0
DA:780,0
DA:781,0
DA:782,0
DA:783,0
DA:784,0
DA:785,0
DA:786,0
DA:787,0
DA:789,0
DA:790,0
DA:791,0
DA:794,0
DA:795,0
DA:796,0
DA:801,0
DA:802,0
DA:803,0
DA:804,0
DA:805,0
DA:806,0
DA:807,0
DA:808,0
DA:810,0
DA:811,0
DA:812,0
DA:815,0
DA:816,0
DA:817,0
DA:822,0
DA:823,0
DA:824,0
DA:828,0
DA:831,0
DA:832,0
DA:833,0
DA:834,0
DA:835,0
DA:836,0
DA:837,0
DA:838,0
DA:840,0
DA:841,0
DA:842,0
DA:845,0
DA:846,0
DA:847,0
DA:852,0
DA:855,0
DA:856,0
DA:857,0
DA:858,0
DA:859,0
DA:860,0
DA:861,0
DA:863,0
DA:864,0
DA:865,0
DA:868,0
DA:869,0
DA:870,0
DA:875,0
DA:876,0
DA:877,0
DA:881,0
DA:885,0
DA:886,0
DA:887,0
DA:888,0
DA:890,0
DA:895,0
DA:896,0
DA:897,0
DA:901,0
DA:905,0
DA:906,0
DA:907,0
DA:915,0
DA:918,0
DA:922,0
DA:923,0
DA:924,0
DA:925,0
DA:926,0
DA:927,0
DA:929,0
DA:930,0
DA:931,0
DA:934,0
DA:935,0
DA:936,0
DA:941,0
DA:942,0
DA:943,0
DA:944,0
DA:947,0
DA:948,0
DA:949,0
DA:960,0
DA:961,0
DA:962,0
DA:964,0
DA:965,0
DA:970,0
DA:974,0
DA:975,0
DA:976,0
DA:977,0
DA:978,0
DA:979,0
DA:980,0
DA:982,0
DA:983,0
DA:984,0
DA:987,0
DA:988,0
DA:989,0
DA:990,0
DA:1010,0
DA:1023,0
DA:1024,0
DA:1025,0
DA:1031,0
DA:1037,0
DA:1041,0
DA:1042,0
DA:1043,0
DA:1044,0
DA:1045,0
DA:1046,0
DA:1049,0
DA:1050,0
DA:1051,0
DA:1054,0
DA:1055,0
DA:1056,0
DA:1057,0
DA:1062,0
DA:1063,0
DA:1069,0
DA:1078,0
DA:1079,0
DA:1083,0
DA:1084,0
DA:1088,0
DA:1091,0
LF:237
LH:0
BRDA:522,0,0,0
BRDA:522,0,1,0
BRDA:565,1,0,0
BRDA:565,1,1,0
BRDA:593,2,0,0
BRDA:593,2,1,0
BRDA:597,3,0,0
BRDA:597,3,1,0
BRDA:665,4,0,0
BRDA:665,4,1,0
BRDA:665,5,0,0
BRDA:665,5,1,0
BRDA:665,5,2,0
BRDA:690,6,0,0
BRDA:690,6,1,0
BRDA:690,7,0,0
BRDA:690,7,1,0
BRDA:690,7,2,0
BRDA:714,8,0,0
BRDA:714,8,1,0
BRDA:714,9,0,0
BRDA:714,9,1,0
BRDA:714,9,2,0
BRDA:737,10,0,0
BRDA:737,10,1,0
BRDA:742,11,0,0
BRDA:742,11,1,0
BRDA:761,12,0,0
BRDA:761,12,1,0
BRDA:782,13,0,0
BRDA:782,13,1,0
BRDA:803,14,0,0
BRDA:803,14,1,0
BRDA:832,15,0,0
BRDA:832,15,1,0
BRDA:856,16,0,0
BRDA:856,16,1,0
BRDA:885,17,0,0
BRDA:885,17,1,0
BRDA:887,18,0,0
BRDA:887,18,1,0
BRDA:923,19,0,0
BRDA:923,19,1,0
BRDA:948,20,0,0
BRDA:948,20,1,0
BRDA:961,21,0,0
BRDA:961,21,1,0
BRDA:976,22,0,0
BRDA:976,22,1,0
BRDA:1024,23,0,0
BRDA:1024,23,1,0
BRDA:1042,24,0,0
BRDA:1042,24,1,0
BRDA:1062,25,0,0
BRDA:1062,25,1,0
BRF:55
BRH:0
end_of_record
TN:
SF:src/views/tempManagement/tempParamLib.vue
FN:112,(anonymous_1)
FN:173,(anonymous_2)
FN:176,(anonymous_3)
FN:182,(anonymous_4)
FN:191,(anonymous_5)
FN:194,(anonymous_6)
FN:198,(anonymous_7)
FN:203,(anonymous_8)
FN:208,(anonymous_9)
FN:216,(anonymous_10)
FN:223,(anonymous_11)
FN:224,(anonymous_14)
FN:229,(anonymous_17)
FN:238,(anonymous_18)
FN:269,(anonymous_19)
FN:279,(anonymous_20)
FN:282,(anonymous_21)
FN:285,(anonymous_22)
FN:293,(anonymous_23)
FN:294,(anonymous_26)
FN:299,(anonymous_29)
FN:308,(anonymous_30)
FN:337,(anonymous_31)
FN:338,(anonymous_32)
FN:351,(anonymous_33)
FN:358,(anonymous_34)
FN:359,(anonymous_35)
FN:372,(anonymous_36)
FN:379,(anonymous_37)
FN:384,(anonymous_38)
FN:391,(anonymous_39)
FN:392,(anonymous_40)
FN:403,(anonymous_41)
FN:404,(anonymous_42)
FN:405,(anonymous_43)
FN:434,(anonymous_44)
FN:435,(anonymous_45)
FN:436,(anonymous_46)
FN:438,(anonymous_47)
FN:439,(anonymous_48)
FN:481,(anonymous_49)
FN:487,(anonymous_50)
FN:491,(anonymous_51)
FN:495,(anonymous_52)
FN:507,(anonymous_53)
FN:514,(anonymous_54)
FN:515,(anonymous_55)
FN:521,(anonymous_56)
FN:537,(anonymous_57)
FNF:49
FNH:0
FNDA:0,(anonymous_1)
FNDA:0,(anonymous_2)
FNDA:0,(anonymous_3)
FNDA:0,(anonymous_4)
FNDA:0,(anonymous_5)
FNDA:0,(anonymous_6)
FNDA:0,(anonymous_7)
FNDA:0,(anonymous_8)
FNDA:0,(anonymous_9)
FNDA:0,(anonymous_10)
FNDA:0,(anonymous_11)
FNDA:0,(anonymous_14)
FNDA:0,(anonymous_17)
FNDA:0,(anonymous_18)
FNDA:0,(anonymous_19)
FNDA:0,(anonymous_20)
FNDA:0,(anonymous_21)
FNDA:0,(anonymous_22)
FNDA:0,(anonymous_23)
FNDA:0,(anonymous_26)
FNDA:0,(anonymous_29)
FNDA:0,(anonymous_30)
FNDA:0,(anonymous_31)
FNDA:0,(anonymous_32)
FNDA:0,(anonymous_33)
FNDA:0,(anonymous_34)
FNDA:0,(anonymous_35)
FNDA:0,(anonymous_36)
FNDA:0,(anonymous_37)
FNDA:0,(anonymous_38)
FNDA:0,(anonymous_39)
FNDA:0,(anonymous_40)
FNDA:0,(anonymous_41)
FNDA:0,(anonymous_42)
FNDA:0,(anonymous_43)
FNDA:0,(anonymous_44)
FNDA:0,(anonymous_45)
FNDA:0,(anonymous_46)
FNDA:0,(anonymous_47)
FNDA:0,(anonymous_48)
FNDA:0,(anonymous_49)
FNDA:0,(anonymous_50)
FNDA:0,(anonymous_51)
FNDA:0,(anonymous_52)
FNDA:0,(anonymous_53)
FNDA:0,(anonymous_54)
FNDA:0,(anonymous_55)
FNDA:0,(anonymous_56)
FNDA:0,(anonymous_57)
DA:107,0
DA:108,0
DA:109,0
DA:110,0
DA:113,0
DA:174,0
DA:177,0
DA:183,0
DA:184,0
DA:186,0
DA:192,0
DA:195,0
DA:196,0
DA:199,0
DA:200,0
DA:204,0
DA:208,0
DA:209,0
DA:210,0
DA:211,0
DA:212,0
DA:217,0
DA:222,0
DA:223,0
DA:224,0
DA:229,0
DA:238,0
DA:265,0
DA:266,0
DA:270,0
DA:271,0
DA:272,0
DA:277,0
DA:278,0
DA:279,0
DA:280,0
DA:281,0
DA:282,0
DA:283,0
DA:284,0
DA:285,0
DA:286,0
DA:292,0
DA:293,0
DA:294,0
DA:299,0
DA:308,0
DA:338,0
DA:339,0
DA:340,0
DA:341,0
DA:342,0
DA:343,0
DA:344,0
DA:345,0
DA:347,0
DA:348,0
DA:349,0
DA:352,0
DA:353,0
DA:354,0
DA:359,0
DA:360,0
DA:361,0
DA:362,0
DA:363,0
DA:364,0
DA:365,0
DA:366,0
DA:368,0
DA:369,0
DA:370,0
DA:373,0
DA:374,0
DA:375,0
DA:380,0
DA:381,0
DA:386,0
DA:387,0
DA:388,0
DA:389,0
DA:391,0
DA:392,0
DA:393,0
DA:394,0
DA:403,0
DA:404,0
DA:405,0
DA:406,0
DA:407,0
DA:408,0
DA:409,0
DA:410,0
DA:411,0
DA:412,0
DA:419,0
DA:434,0
DA:435,0
DA:436,0
DA:437,0
DA:438,0
DA:439,0
DA:440,0
DA:441,0
DA:442,0
DA:443,0
DA:444,0
DA:459,0
DA:460,0
DA:461,0
DA:467,0
DA:469,0
DA:476,0
DA:478,0
DA:482,0
DA:483,0
DA:484,0
DA:488,0
DA:492,0
DA:495,0
DA:496,0
DA:497,0
DA:498,0
DA:499,0
DA:500,0
DA:501,0
DA:503,0
DA:504,0
DA:505,0
DA:508,0
DA:509,0
DA:510,0
DA:515,0
DA:518,0
DA:522,0
DA:523,0
DA:529,0
DA:538,0
DA:539,0
LF:139
LH:0
BRDA:183,0,0,0
BRDA:183,0,1,0
BRDA:223,1,0,0
BRDA:223,1,1,0
BRDA:223,2,0,0
BRDA:223,2,1,0
BRDA:223,2,2,0
BRDA:224,3,0,0
BRDA:224,3,1,0
BRDA:224,4,0,0
BRDA:224,4,1,0
BRDA:224,4,2,0
BRDA:229,5,0,0
BRDA:229,5,1,0
BRDA:238,6,0,0
BRDA:238,6,1,0
BRDA:281,7,0,0
BRDA:281,7,1,0
BRDA:281,8,0,0
BRDA:281,8,1,0
BRDA:284,9,0,0
BRDA:284,9,1,0
BRDA:284,10,0,0
BRDA:284,10,1,0
BRDA:293,11,0,0
BRDA:293,11,1,0
BRDA:293,12,0,0
BRDA:293,12,1,0
BRDA:293,12,2,0
BRDA:294,13,0,0
BRDA:294,13,1,0
BRDA:294,14,0,0
BRDA:294,14,1,0
BRDA:294,14,2,0
BRDA:299,15,0,0
BRDA:299,15,1,0
BRDA:308,16,0,0
BRDA:308,16,1,0
BRDA:339,17,0,0
BRDA:339,17,1,0
BRDA:360,18,0,0
BRDA:360,18,1,0
BRDA:393,19,0,0
BRDA:393,19,1,0
BRDA:406,20,0,0
BRDA:406,20,1,0
BRDA:407,21,0,0
BRDA:407,21,1,0
BRDA:409,22,0,0
BRDA:409,22,1,0
BRDA:410,23,0,0
BRDA:410,23,1,0
BRDA:411,24,0,0
BRDA:411,24,1,0
BRDA:411,25,0,0
BRDA:411,25,1,0
BRDA:437,26,0,0
BRDA:437,26,1,0
BRDA:440,27,0,0
BRDA:440,27,1,0
BRDA:441,28,0,0
BRDA:441,28,1,0
BRDA:443,29,0,0
BRDA:443,29,1,0
BRDA:447,30,0,0
BRDA:447,30,1,0
BRDA:460,31,0,0
BRDA:460,31,1,0
BRDA:478,32,0,0
BRDA:478,32,1,0
BRDA:496,33,0,0
BRDA:496,33,1,0
BRDA:522,34,0,0
BRDA:522,34,1,0
BRF:74
BRH:0
end_of_record
